{
  "stats": {
    "suites": 1,
    "tests": 6,
    "passes": 6,
    "pending": 0,
    "failures": 0,
    "start": "2026-03-05T03:26:31.283Z",
    "end": "2026-03-05T03:26:55.599Z",
    "duration": 24316,
    "testsRegistered": 6,
    "passPercent": 100,
    "pendingPercent": 0,
    "other": 0,
    "hasOther": false,
    "skipped": 0,
    "hasSkipped": false
  },
  "results": [
    {
      "uuid": "752ed31a-8e95-4e68-9df6-153a94cfa71e",
      "title": "",
      "fullFile": "cypress/e2e/hu_02_login.cy.js",
      "file": "cypress/e2e/hu_02_login.cy.js",
      "beforeHooks": [],
      "afterHooks": [],
      "tests": [],
      "suites": [
        {
          "uuid": "b0d07ffe-f21c-4c3d-bf17-cff2bd8ff001",
          "title": "HU-02 — Inicio de sesión de usuario",
          "fullFile": "",
          "file": "",
          "beforeHooks": [],
          "afterHooks": [],
          "tests": [
            {
              "title": "TC-01 Iniciar sesión con login y password válidos",
              "fullTitle": "HU-02 — Inicio de sesión de usuario TC-01 Iniciar sesión con login y password válidos",
              "timedOut": null,
              "duration": 8634,
              "state": "passed",
              "speed": "medium",
              "pass": true,
              "fail": false,
              "pending": false,
              "context": null,
              "code": "cy.login(user.login, user.password);\ncy.get('.navbar').contains('Hi,').should('be.visible');",
              "err": {},
              "uuid": "e77067ba-dbc9-486f-ab39-ef38a526e3e2",
              "parentUUID": "b0d07ffe-f21c-4c3d-bf17-cff2bd8ff001",
              "isHook": false,
              "skipped": false
            },
            {
              "title": "TC-02 Intentar iniciar sesión sin completar el campo Login",
              "fullTitle": "HU-02 — Inicio de sesión de usuario TC-02 Intentar iniciar sesión sin completar el campo Login",
              "timedOut": null,
              "duration": 2667,
              "state": "passed",
              "speed": "fast",
              "pass": true,
              "fail": false,
              "pending": false,
              "context": null,
              "code": "cy.login('', 'Password456');\ncy.get('[name=\"login\"]').should('have.attr', 'required');\ncy.get('.navbar').contains('Hi,').should('not.exist');",
              "err": {},
              "uuid": "6c86f074-e4ae-4214-a7ed-1a8be5238ad8",
              "parentUUID": "b0d07ffe-f21c-4c3d-bf17-cff2bd8ff001",
              "isHook": false,
              "skipped": false
            },
            {
              "title": "TC-03 Intentar iniciar sesión sin completar el campo Password",
              "fullTitle": "HU-02 — Inicio de sesión de usuario TC-03 Intentar iniciar sesión sin completar el campo Password",
              "timedOut": null,
              "duration": 2177,
              "state": "passed",
              "speed": "fast",
              "pass": true,
              "fail": false,
              "pending": false,
              "context": null,
              "code": "cy.login(\"username01\", \"\");\ncy.get('[name=\"password\"]').should('have.attr', 'required');\ncy.get('.navbar').contains('Hi,').should('not.exist');",
              "err": {},
              "uuid": "d1d1750e-1bd8-410c-94e0-cbcef84f06f1",
              "parentUUID": "b0d07ffe-f21c-4c3d-bf17-cff2bd8ff001",
              "isHook": false,
              "skipped": false
            },
            {
              "title": "TC-04 Intentar iniciar sesión sin completar ningún campo",
              "fullTitle": "HU-02 — Inicio de sesión de usuario TC-04 Intentar iniciar sesión sin completar ningún campo",
              "timedOut": null,
              "duration": 1099,
              "state": "passed",
              "speed": "fast",
              "pass": true,
              "fail": false,
              "pending": false,
              "context": null,
              "code": "cy.login(\"\", \"\");\ncy.get('[name=\"login\"]').should('have.attr', 'required');\ncy.get('[name=\"password\"]').should('have.attr', 'required');\ncy.get('.navbar').contains('Hi,').should('not.exist');",
              "err": {},
              "uuid": "d64c38d4-59fa-4e19-968b-2824f6007450",
              "parentUUID": "b0d07ffe-f21c-4c3d-bf17-cff2bd8ff001",
              "isHook": false,
              "skipped": false
            },
            {
              "title": "TC-05 Iniciar sesión con login inexistente",
              "fullTitle": "HU-02 — Inicio de sesión de usuario TC-05 Iniciar sesión con login inexistente",
              "timedOut": null,
              "duration": 3490,
              "state": "passed",
              "speed": "fast",
              "pass": true,
              "fail": false,
              "pending": false,
              "context": null,
              "code": "cy.login(\"username0098\", \"Prueba123*\");\ncy.contains('Invalid username/password').should('be.visible');",
              "err": {},
              "uuid": "8c8a8092-5d0a-4043-8565-7a099f17af6a",
              "parentUUID": "b0d07ffe-f21c-4c3d-bf17-cff2bd8ff001",
              "isHook": false,
              "skipped": false
            },
            {
              "title": "TC-06 Iniciar sesión con login registrado y password incorrecto",
              "fullTitle": "HU-02 — Inicio de sesión de usuario TC-06 Iniciar sesión con login registrado y password incorrecto",
              "timedOut": null,
              "duration": 4726,
              "state": "passed",
              "speed": "fast",
              "pass": true,
              "fail": false,
              "pending": false,
              "context": null,
              "code": "cy.login(user.login, \"Qwerty1*\");\ncy.contains('Invalid username/password').should('be.visible');",
              "err": {},
              "uuid": "683cbe16-7bc3-4332-8a6d-110b8a9693d8",
              "parentUUID": "b0d07ffe-f21c-4c3d-bf17-cff2bd8ff001",
              "isHook": false,
              "skipped": false
            }
          ],
          "suites": [],
          "passes": [
            "e77067ba-dbc9-486f-ab39-ef38a526e3e2",
            "6c86f074-e4ae-4214-a7ed-1a8be5238ad8",
            "d1d1750e-1bd8-410c-94e0-cbcef84f06f1",
            "d64c38d4-59fa-4e19-968b-2824f6007450",
            "8c8a8092-5d0a-4043-8565-7a099f17af6a",
            "683cbe16-7bc3-4332-8a6d-110b8a9693d8"
          ],
          "failures": [],
          "pending": [],
          "skipped": [],
          "duration": 22793,
          "root": false,
          "rootEmpty": false,
          "_timeout": 2000
        }
      ],
      "passes": [],
      "failures": [],
      "pending": [],
      "skipped": [],
      "duration": 0,
      "root": true,
      "rootEmpty": true,
      "_timeout": 2000
    }
  ],
  "meta": {
    "mocha": {
      "version": "7.2.0"
    },
    "mochawesome": {
      "options": {
        "quiet": false,
        "reportFilename": "mochawesome",
        "saveHtml": false,
        "saveJson": true,
        "consoleReporter": "spec",
        "useInlineDiffs": false,
        "code": true
      },
      "version": "7.1.4"
    },
    "marge": {
      "options": {
        "reportDir": "cypress/reports",
        "overwrite": false,
        "html": false,
        "json": true
      },
      "version": "6.3.2"
    }
  }
}