{
  "stats": {
    "suites": 1,
    "tests": 6,
    "passes": 6,
    "pending": 0,
    "failures": 0,
    "start": "2026-03-05T21:32:15.572Z",
    "end": "2026-03-05T21:32:43.311Z",
    "duration": 27739,
    "testsRegistered": 6,
    "passPercent": 100,
    "pendingPercent": 0,
    "other": 0,
    "hasOther": false,
    "skipped": 0,
    "hasSkipped": false
  },
  "results": [
    {
      "uuid": "4d258d3f-b36d-4723-9c29-57aa0f952e2e",
      "title": "",
      "fullFile": "cypress/e2e/hu_02_login.cy.js",
      "file": "cypress/e2e/hu_02_login.cy.js",
      "beforeHooks": [],
      "afterHooks": [],
      "tests": [],
      "suites": [
        {
          "uuid": "37658597-2730-46d4-91ba-8a9d6db503dd",
          "title": "HU-02 — Inicio de sesión de usuario",
          "fullFile": "",
          "file": "",
          "beforeHooks": [],
          "afterHooks": [],
          "tests": [
            {
              "title": "TC-01 Iniciar sesión con login y password válidos",
              "fullTitle": "HU-02 — Inicio de sesión de usuario TC-01 Iniciar sesión con login y password válidos",
              "timedOut": null,
              "duration": 10763,
              "state": "passed",
              "speed": "slow",
              "pass": true,
              "fail": false,
              "pending": false,
              "context": null,
              "code": "cy.login(user.login, user.password);\ncy.get('.navbar').contains('Hi,').should('be.visible');",
              "err": {},
              "uuid": "fcc9f9e9-7c74-4600-9573-9908ef2209fc",
              "parentUUID": "37658597-2730-46d4-91ba-8a9d6db503dd",
              "isHook": false,
              "skipped": false
            },
            {
              "title": "TC-02 Intentar iniciar sesión sin completar el campo Login",
              "fullTitle": "HU-02 — Inicio de sesión de usuario TC-02 Intentar iniciar sesión sin completar el campo Login",
              "timedOut": null,
              "duration": 2921,
              "state": "passed",
              "speed": "fast",
              "pass": true,
              "fail": false,
              "pending": false,
              "context": null,
              "code": "cy.login('', 'Password456');\ncy.get('[name=\"login\"]').should('have.attr', 'required');\ncy.get('.navbar').contains('Hi,').should('not.exist');",
              "err": {},
              "uuid": "63b7776d-99da-42a4-bdd4-11fe4fdbbc3e",
              "parentUUID": "37658597-2730-46d4-91ba-8a9d6db503dd",
              "isHook": false,
              "skipped": false
            },
            {
              "title": "TC-03 Intentar iniciar sesión sin completar el campo Password",
              "fullTitle": "HU-02 — Inicio de sesión de usuario TC-03 Intentar iniciar sesión sin completar el campo Password",
              "timedOut": null,
              "duration": 2152,
              "state": "passed",
              "speed": "fast",
              "pass": true,
              "fail": false,
              "pending": false,
              "context": null,
              "code": "cy.login(\"username01\", \"\");\ncy.get('[name=\"password\"]').should('have.attr', 'required');\ncy.get('.navbar').contains('Hi,').should('not.exist');",
              "err": {},
              "uuid": "a4891513-a2e6-4869-a31f-49f323727d13",
              "parentUUID": "37658597-2730-46d4-91ba-8a9d6db503dd",
              "isHook": false,
              "skipped": false
            },
            {
              "title": "TC-04 Intentar iniciar sesión sin completar ningún campo",
              "fullTitle": "HU-02 — Inicio de sesión de usuario TC-04 Intentar iniciar sesión sin completar ningún campo",
              "timedOut": null,
              "duration": 2093,
              "state": "passed",
              "speed": "fast",
              "pass": true,
              "fail": false,
              "pending": false,
              "context": null,
              "code": "cy.login(\"\", \"\");\ncy.get('[name=\"login\"]').should('have.attr', 'required');\ncy.get('[name=\"password\"]').should('have.attr', 'required');\ncy.get('.navbar').contains('Hi,').should('not.exist');",
              "err": {},
              "uuid": "8ffb635c-8c3b-4d18-9c6a-f9021999cd58",
              "parentUUID": "37658597-2730-46d4-91ba-8a9d6db503dd",
              "isHook": false,
              "skipped": false
            },
            {
              "title": "TC-05 Iniciar sesión con login inexistente",
              "fullTitle": "HU-02 — Inicio de sesión de usuario TC-05 Iniciar sesión con login inexistente",
              "timedOut": null,
              "duration": 3740,
              "state": "passed",
              "speed": "fast",
              "pass": true,
              "fail": false,
              "pending": false,
              "context": null,
              "code": "cy.login(\"username0098\", \"Prueba123*\");\ncy.contains('Invalid username/password').should('be.visible');",
              "err": {},
              "uuid": "c3fb0693-40ec-4d9e-80b4-cee880069a53",
              "parentUUID": "37658597-2730-46d4-91ba-8a9d6db503dd",
              "isHook": false,
              "skipped": false
            },
            {
              "title": "TC-06 Iniciar sesión con login registrado y password incorrecto",
              "fullTitle": "HU-02 — Inicio de sesión de usuario TC-06 Iniciar sesión con login registrado y password incorrecto",
              "timedOut": null,
              "duration": 4103,
              "state": "passed",
              "speed": "fast",
              "pass": true,
              "fail": false,
              "pending": false,
              "context": null,
              "code": "cy.login(user.login, \"Qwerty1*\");\ncy.contains('Invalid username/password').should('be.visible');",
              "err": {},
              "uuid": "74496c18-a73f-4727-9370-4c87b57d40d6",
              "parentUUID": "37658597-2730-46d4-91ba-8a9d6db503dd",
              "isHook": false,
              "skipped": false
            }
          ],
          "suites": [],
          "passes": [
            "fcc9f9e9-7c74-4600-9573-9908ef2209fc",
            "63b7776d-99da-42a4-bdd4-11fe4fdbbc3e",
            "a4891513-a2e6-4869-a31f-49f323727d13",
            "8ffb635c-8c3b-4d18-9c6a-f9021999cd58",
            "c3fb0693-40ec-4d9e-80b4-cee880069a53",
            "74496c18-a73f-4727-9370-4c87b57d40d6"
          ],
          "failures": [],
          "pending": [],
          "skipped": [],
          "duration": 25772,
          "root": false,
          "rootEmpty": false,
          "_timeout": 2000
        }
      ],
      "passes": [],
      "failures": [],
      "pending": [],
      "skipped": [],
      "duration": 0,
      "root": true,
      "rootEmpty": true,
      "_timeout": 2000
    }
  ],
  "meta": {
    "mocha": {
      "version": "7.2.0"
    },
    "mochawesome": {
      "options": {
        "quiet": false,
        "reportFilename": "mochawesome",
        "saveHtml": false,
        "saveJson": true,
        "consoleReporter": "spec",
        "useInlineDiffs": false,
        "code": true
      },
      "version": "7.1.4"
    },
    "marge": {
      "options": {
        "reportDir": "cypress/reports",
        "overwrite": false,
        "html": false,
        "json": true
      },
      "version": "6.3.2"
    }
  }
}