{
  "stats": {
    "suites": 1,
    "tests": 6,
    "passes": 6,
    "pending": 0,
    "failures": 0,
    "start": "2026-03-05T03:20:32.996Z",
    "end": "2026-03-05T03:20:57.933Z",
    "duration": 24937,
    "testsRegistered": 6,
    "passPercent": 100,
    "pendingPercent": 0,
    "other": 0,
    "hasOther": false,
    "skipped": 0,
    "hasSkipped": false
  },
  "results": [
    {
      "uuid": "e953690c-ebe0-4803-b87e-ce4d0d7c05cb",
      "title": "",
      "fullFile": "cypress/e2e/hu_02_login.cy.js",
      "file": "cypress/e2e/hu_02_login.cy.js",
      "beforeHooks": [],
      "afterHooks": [],
      "tests": [],
      "suites": [
        {
          "uuid": "f660e9ab-16c4-4f06-932e-d395f94c7624",
          "title": "HU-02 — Inicio de sesión de usuario",
          "fullFile": "",
          "file": "",
          "beforeHooks": [],
          "afterHooks": [],
          "tests": [
            {
              "title": "TC-01 Iniciar sesión con login y password válidos",
              "fullTitle": "HU-02 — Inicio de sesión de usuario TC-01 Iniciar sesión con login y password válidos",
              "timedOut": null,
              "duration": 8800,
              "state": "passed",
              "speed": "medium",
              "pass": true,
              "fail": false,
              "pending": false,
              "context": null,
              "code": "cy.login(user.login, user.password);\ncy.get('.navbar').contains('Hi,').should('be.visible');",
              "err": {},
              "uuid": "3b7ab18d-b56c-4477-bdd9-821774dd0534",
              "parentUUID": "f660e9ab-16c4-4f06-932e-d395f94c7624",
              "isHook": false,
              "skipped": false
            },
            {
              "title": "TC-02 Intentar iniciar sesión sin completar el campo Login",
              "fullTitle": "HU-02 — Inicio de sesión de usuario TC-02 Intentar iniciar sesión sin completar el campo Login",
              "timedOut": null,
              "duration": 2425,
              "state": "passed",
              "speed": "fast",
              "pass": true,
              "fail": false,
              "pending": false,
              "context": null,
              "code": "cy.login('', 'Password456');\ncy.get('[name=\"login\"]').should('have.attr', 'required');\ncy.get('.navbar').contains('Hi,').should('not.exist');",
              "err": {},
              "uuid": "5da9ea58-5631-4f29-b128-aff8b6fbc0f6",
              "parentUUID": "f660e9ab-16c4-4f06-932e-d395f94c7624",
              "isHook": false,
              "skipped": false
            },
            {
              "title": "TC-03 Intentar iniciar sesión sin completar el campo Password",
              "fullTitle": "HU-02 — Inicio de sesión de usuario TC-03 Intentar iniciar sesión sin completar el campo Password",
              "timedOut": null,
              "duration": 2195,
              "state": "passed",
              "speed": "fast",
              "pass": true,
              "fail": false,
              "pending": false,
              "context": null,
              "code": "cy.login(\"username01\", \"\");\ncy.get('[name=\"password\"]').should('have.attr', 'required');\ncy.get('.navbar').contains('Hi,').should('not.exist');",
              "err": {},
              "uuid": "e4c76dee-7424-4143-b9cc-1363502a86fa",
              "parentUUID": "f660e9ab-16c4-4f06-932e-d395f94c7624",
              "isHook": false,
              "skipped": false
            },
            {
              "title": "TC-04 Intentar iniciar sesión sin completar ningún campo",
              "fullTitle": "HU-02 — Inicio de sesión de usuario TC-04 Intentar iniciar sesión sin completar ningún campo",
              "timedOut": null,
              "duration": 1620,
              "state": "passed",
              "speed": "fast",
              "pass": true,
              "fail": false,
              "pending": false,
              "context": null,
              "code": "cy.login(\"\", \"\");\ncy.get('[name=\"login\"]').should('have.attr', 'required');\ncy.get('[name=\"password\"]').should('have.attr', 'required');\ncy.get('.navbar').contains('Hi,').should('not.exist');",
              "err": {},
              "uuid": "9ef61c50-2617-43ea-bd16-7bc99d42a592",
              "parentUUID": "f660e9ab-16c4-4f06-932e-d395f94c7624",
              "isHook": false,
              "skipped": false
            },
            {
              "title": "TC-05 Iniciar sesión con login inexistente",
              "fullTitle": "HU-02 — Inicio de sesión de usuario TC-05 Iniciar sesión con login inexistente",
              "timedOut": null,
              "duration": 4283,
              "state": "passed",
              "speed": "fast",
              "pass": true,
              "fail": false,
              "pending": false,
              "context": null,
              "code": "cy.login(\"username0098\", \"Prueba123*\");\ncy.contains('Invalid username/password').should('be.visible');",
              "err": {},
              "uuid": "54b949eb-4972-4107-b2bd-f1c466645c95",
              "parentUUID": "f660e9ab-16c4-4f06-932e-d395f94c7624",
              "isHook": false,
              "skipped": false
            },
            {
              "title": "TC-06 Iniciar sesión con login registrado y password incorrecto",
              "fullTitle": "HU-02 — Inicio de sesión de usuario TC-06 Iniciar sesión con login registrado y password incorrecto",
              "timedOut": null,
              "duration": 3547,
              "state": "passed",
              "speed": "fast",
              "pass": true,
              "fail": false,
              "pending": false,
              "context": null,
              "code": "cy.login(user.login, \"Qwerty1*\");\ncy.contains('Invalid username/password').should('be.visible');",
              "err": {},
              "uuid": "d9566c19-ebff-4c13-8bb9-b3bad96ee89a",
              "parentUUID": "f660e9ab-16c4-4f06-932e-d395f94c7624",
              "isHook": false,
              "skipped": false
            }
          ],
          "suites": [],
          "passes": [
            "3b7ab18d-b56c-4477-bdd9-821774dd0534",
            "5da9ea58-5631-4f29-b128-aff8b6fbc0f6",
            "e4c76dee-7424-4143-b9cc-1363502a86fa",
            "9ef61c50-2617-43ea-bd16-7bc99d42a592",
            "54b949eb-4972-4107-b2bd-f1c466645c95",
            "d9566c19-ebff-4c13-8bb9-b3bad96ee89a"
          ],
          "failures": [],
          "pending": [],
          "skipped": [],
          "duration": 22870,
          "root": false,
          "rootEmpty": false,
          "_timeout": 2000
        }
      ],
      "passes": [],
      "failures": [],
      "pending": [],
      "skipped": [],
      "duration": 0,
      "root": true,
      "rootEmpty": true,
      "_timeout": 2000
    }
  ],
  "meta": {
    "mocha": {
      "version": "7.2.0"
    },
    "mochawesome": {
      "options": {
        "quiet": false,
        "reportFilename": "mochawesome",
        "saveHtml": false,
        "saveJson": true,
        "consoleReporter": "spec",
        "useInlineDiffs": false,
        "code": true
      },
      "version": "7.1.4"
    },
    "marge": {
      "options": {
        "reportDir": "cypress/reports",
        "overwrite": false,
        "html": false,
        "json": true
      },
      "version": "6.3.2"
    }
  }
}