{
  "stats": {
    "suites": 1,
    "tests": 12,
    "passes": 12,
    "pending": 0,
    "failures": 0,
    "start": "2026-03-05T21:30:38.235Z",
    "end": "2026-03-05T21:32:06.902Z",
    "duration": 88667,
    "testsRegistered": 12,
    "passPercent": 100,
    "pendingPercent": 0,
    "other": 0,
    "hasOther": false,
    "skipped": 0,
    "hasSkipped": false
  },
  "results": [
    {
      "uuid": "e3f7779c-0d60-4c49-8d17-0096a7df0ac9",
      "title": "",
      "fullFile": "cypress/e2e/hu_01_register.cy.js",
      "file": "cypress/e2e/hu_01_register.cy.js",
      "beforeHooks": [],
      "afterHooks": [],
      "tests": [],
      "suites": [
        {
          "uuid": "1b81cec9-66f6-43c3-b8da-39351dc57891",
          "title": "Validación HU-01 — Registro de usuario",
          "fullFile": "",
          "file": "",
          "beforeHooks": [],
          "afterHooks": [],
          "tests": [
            {
              "title": "@integration TC-01 - Registrar un nuevo usuario con datos válidos",
              "fullTitle": "Validación HU-01 — Registro de usuario @integration TC-01 - Registrar un nuevo usuario con datos válidos",
              "timedOut": null,
              "duration": 12002,
              "state": "passed",
              "speed": "slow",
              "pass": true,
              "fail": false,
              "pending": false,
              "context": null,
              "code": "cy.intercept('POST', '**/prod/users').as('registerUser');\nconst dynamicLogin = _objectSpread(_objectSpread({}, user), {}, {\n  login: `user_${Date.now()}`\n});\n_RegisterPage.default.completarFormulario(dynamicLogin);\n_RegisterPage.default.enviarRegistro();\ncy.wait('@registerUser').then(interception => {\n  expect(interception.request.method).to.eq('POST');\n  expect(interception.request.body).to.deep.include({\n    username: dynamicLogin.login,\n    firstName: dynamicLogin.firstName,\n    lastName: dynamicLogin.lastName\n  });\n  expect(interception.response.statusCode).to.eq(201);\n});\ncy.get('.result').should('be.visible').and('contain', 'Registration is successful');\ncy.screenshot();",
              "err": {},
              "uuid": "9f64b1f4-1ff1-417d-92ae-f9f66e2bbe90",
              "parentUUID": "1b81cec9-66f6-43c3-b8da-39351dc57891",
              "isHook": false,
              "skipped": false
            },
            {
              "title": "@ui TC-02 - Intentar registrar un usuario sin completar el campo Login",
              "fullTitle": "Validación HU-01 — Registro de usuario @ui TC-02 - Intentar registrar un usuario sin completar el campo Login",
              "timedOut": null,
              "duration": 4927,
              "state": "passed",
              "speed": "fast",
              "pass": true,
              "fail": false,
              "pending": false,
              "context": null,
              "code": "_RegisterPage.default.completarFormulario(_objectSpread(_objectSpread({}, datosFormulario), {}, {\n  login: ''\n}));\n_RegisterPage.default.buttonDisabled();\n_RegisterPage.default.screenshotButtonDisabled();",
              "err": {},
              "uuid": "cc5d47f5-05b3-4a44-9711-b223fe50a1b7",
              "parentUUID": "1b81cec9-66f6-43c3-b8da-39351dc57891",
              "isHook": false,
              "skipped": false
            },
            {
              "title": "@ui TC-03 - Intentar registrar un usuario sin completar el campo First Name",
              "fullTitle": "Validación HU-01 — Registro de usuario @ui TC-03 - Intentar registrar un usuario sin completar el campo First Name",
              "timedOut": null,
              "duration": 5086,
              "state": "passed",
              "speed": "medium",
              "pass": true,
              "fail": false,
              "pending": false,
              "context": null,
              "code": "_RegisterPage.default.completarFormulario(_objectSpread(_objectSpread({}, datosFormulario), {}, {\n  firstName: ''\n}));\n_RegisterPage.default.buttonDisabled();\n_RegisterPage.default.screenshotButtonDisabled();",
              "err": {},
              "uuid": "107122eb-f265-4b8f-be07-f94632e56b31",
              "parentUUID": "1b81cec9-66f6-43c3-b8da-39351dc57891",
              "isHook": false,
              "skipped": false
            },
            {
              "title": "@ui TC-04 - Intentar registrar un usuario sin completar el campo Last Name",
              "fullTitle": "Validación HU-01 — Registro de usuario @ui TC-04 - Intentar registrar un usuario sin completar el campo Last Name",
              "timedOut": null,
              "duration": 4367,
              "state": "passed",
              "speed": "fast",
              "pass": true,
              "fail": false,
              "pending": false,
              "context": null,
              "code": "_RegisterPage.default.completarFormulario(_objectSpread(_objectSpread({}, datosFormulario), {}, {\n  lastName: ''\n}));\n_RegisterPage.default.buttonDisabled();\n_RegisterPage.default.screenshotButtonDisabled();",
              "err": {},
              "uuid": "e5c5fc8f-e07e-42c1-8f00-61621124365e",
              "parentUUID": "1b81cec9-66f6-43c3-b8da-39351dc57891",
              "isHook": false,
              "skipped": false
            },
            {
              "title": "@ui TC-05 - Intentar registrar un usuario sin completar el campo Password",
              "fullTitle": "Validación HU-01 — Registro de usuario @ui TC-05 - Intentar registrar un usuario sin completar el campo Password",
              "timedOut": null,
              "duration": 4608,
              "state": "passed",
              "speed": "fast",
              "pass": true,
              "fail": false,
              "pending": false,
              "context": null,
              "code": "_RegisterPage.default.completarFormulario(_objectSpread(_objectSpread({}, datosFormulario), {}, {\n  password: ''\n}));\n_RegisterPage.default.buttonDisabled();\n_RegisterPage.default.screenshotButtonDisabled();",
              "err": {},
              "uuid": "b1884381-2368-4fb6-b3e4-817de81b30b4",
              "parentUUID": "1b81cec9-66f6-43c3-b8da-39351dc57891",
              "isHook": false,
              "skipped": false
            },
            {
              "title": "@ui TC-06 - Intentar registrar un usuario sin completar el campo Confirm Password",
              "fullTitle": "Validación HU-01 — Registro de usuario @ui TC-06 - Intentar registrar un usuario sin completar el campo Confirm Password",
              "timedOut": null,
              "duration": 4938,
              "state": "passed",
              "speed": "fast",
              "pass": true,
              "fail": false,
              "pending": false,
              "context": null,
              "code": "_RegisterPage.default.completarFormulario(_objectSpread(_objectSpread({}, datosFormulario), {}, {\n  confirmPassword: ''\n}));\n_RegisterPage.default.buttonDisabled();\n_RegisterPage.default.screenshotButtonDisabled();",
              "err": {},
              "uuid": "b9a97a07-7e10-4178-a07a-ea0cd081a0ea",
              "parentUUID": "1b81cec9-66f6-43c3-b8da-39351dc57891",
              "isHook": false,
              "skipped": false
            },
            {
              "title": "@ui TC-07 - Registrar usuario con contraseña menor a 8 caracteres que cumple mayúscula, número y símbolo",
              "fullTitle": "Validación HU-01 — Registro de usuario @ui TC-07 - Registrar usuario con contraseña menor a 8 caracteres que cumple mayúscula, número y símbolo",
              "timedOut": null,
              "duration": 8221,
              "state": "passed",
              "speed": "medium",
              "pass": true,
              "fail": false,
              "pending": false,
              "context": null,
              "code": "_RegisterPage.default.completarFormulario(_objectSpread(_objectSpread({}, datosFormulario), {}, {\n  password: 'Ab01*',\n  confirmPassword: 'Ab01*'\n}));\n_RegisterPage.default.enviarRegistro();\ncy.get('.result').should('be.visible').and('contain', 'size');\ncy.screenshot();",
              "err": {},
              "uuid": "a5d5a264-edb3-4a48-8f2e-779566f6fc25",
              "parentUUID": "1b81cec9-66f6-43c3-b8da-39351dc57891",
              "isHook": false,
              "skipped": false
            },
            {
              "title": "@ui TC-08 - Registrar usuario con contraseña de 8 caracteres sin letra mayúscula",
              "fullTitle": "Validación HU-01 — Registro de usuario @ui TC-08 - Registrar usuario con contraseña de 8 caracteres sin letra mayúscula",
              "timedOut": null,
              "duration": 8117,
              "state": "passed",
              "speed": "medium",
              "pass": true,
              "fail": false,
              "pending": false,
              "context": null,
              "code": "_RegisterPage.default.completarFormulario(_objectSpread(_objectSpread({}, datosFormulario), {}, {\n  password: 'prueba1*',\n  confirmPassword: 'prueba1*'\n}));\n_RegisterPage.default.enviarRegistro();\ncy.get('.result').should('be.visible').and('contain', 'Password must have uppercase characters');\ncy.screenshot();",
              "err": {},
              "uuid": "e6374f06-95a2-4f07-8f0e-eecf4b202de5",
              "parentUUID": "1b81cec9-66f6-43c3-b8da-39351dc57891",
              "isHook": false,
              "skipped": false
            },
            {
              "title": "@ui TC-09 - Registrar usuario con contraseña de 8 caracteres sin número",
              "fullTitle": "Validación HU-01 — Registro de usuario @ui TC-09 - Registrar usuario con contraseña de 8 caracteres sin número",
              "timedOut": null,
              "duration": 9949,
              "state": "passed",
              "speed": "medium",
              "pass": true,
              "fail": false,
              "pending": false,
              "context": null,
              "code": "_RegisterPage.default.completarFormulario(_objectSpread(_objectSpread({}, datosFormulario), {}, {\n  password: 'pruebaA*',\n  confirmPassword: 'pruebaA*'\n}));\n_RegisterPage.default.enviarRegistro();\ncy.get('.result').should('be.visible').and('contain', 'Password must have numeric characters');\ncy.screenshot();",
              "err": {},
              "uuid": "48bd40fe-726b-4976-ab05-c059cafb916f",
              "parentUUID": "1b81cec9-66f6-43c3-b8da-39351dc57891",
              "isHook": false,
              "skipped": false
            },
            {
              "title": "@ui TC-10 - Registrar usuario con contraseña de 8 caracteres sin simbolo",
              "fullTitle": "Validación HU-01 — Registro de usuario @ui TC-10 - Registrar usuario con contraseña de 8 caracteres sin simbolo",
              "timedOut": null,
              "duration": 7306,
              "state": "passed",
              "speed": "medium",
              "pass": true,
              "fail": false,
              "pending": false,
              "context": null,
              "code": "_RegisterPage.default.completarFormulario(_objectSpread(_objectSpread({}, datosFormulario), {}, {\n  password: 'pruebaA1',\n  confirmPassword: 'pruebaA1'\n}));\n_RegisterPage.default.enviarRegistro();\ncy.get('.result').should('be.visible').and('contain', 'Password must have symbol characters');\ncy.screenshot();",
              "err": {},
              "uuid": "429463a5-1f0c-4808-8110-8fc09432ddd7",
              "parentUUID": "1b81cec9-66f6-43c3-b8da-39351dc57891",
              "isHook": false,
              "skipped": false
            },
            {
              "title": "@ui TC-11 - Registrar un usuario con Password y Confirm Password diferentes",
              "fullTitle": "Validación HU-01 — Registro de usuario @ui TC-11 - Registrar un usuario con Password y Confirm Password diferentes",
              "timedOut": null,
              "duration": 6001,
              "state": "passed",
              "speed": "medium",
              "pass": true,
              "fail": false,
              "pending": false,
              "context": null,
              "code": "_RegisterPage.default.completarFormulario(_objectSpread(_objectSpread({}, datosFormulario), {}, {\n  password: 'Prueba1*',\n  confirmPassword: 'Pruesdf1*'\n}));\ncy.get('.alert').should('contain', 'Passwords do not match').and('be.visible');\ncy.screenshot();",
              "err": {},
              "uuid": "767d6975-0006-45a4-94ee-ce4f6e071ce8",
              "parentUUID": "1b81cec9-66f6-43c3-b8da-39351dc57891",
              "isHook": false,
              "skipped": false
            },
            {
              "title": "@integration TC-12 - Registrar un usuario con Login previamente registrado",
              "fullTitle": "Validación HU-01 — Registro de usuario @integration TC-12 - Registrar un usuario con Login previamente registrado",
              "timedOut": null,
              "duration": 5834,
              "state": "passed",
              "speed": "medium",
              "pass": true,
              "fail": false,
              "pending": false,
              "context": null,
              "code": "cy.intercept('POST', '**/prod/users').as('loginDuplicate');\n_RegisterPage.default.completarFormulario(user);\n_RegisterPage.default.enviarRegistro();\ncy.wait('@loginDuplicate').then(interception => {\n  expect(interception.request.method).to.eq('POST');\n  expect(interception.request.body).to.deep.include({\n    username: user.login\n  });\n  expect(interception.response.statusCode).to.eq(400);\n});\ncy.get('.result').should('be.visible').and('contain', 'User already exists');",
              "err": {},
              "uuid": "e3e77519-fea7-4883-bcd5-0bc95c84bfe6",
              "parentUUID": "1b81cec9-66f6-43c3-b8da-39351dc57891",
              "isHook": false,
              "skipped": false
            }
          ],
          "suites": [],
          "passes": [
            "9f64b1f4-1ff1-417d-92ae-f9f66e2bbe90",
            "cc5d47f5-05b3-4a44-9711-b223fe50a1b7",
            "107122eb-f265-4b8f-be07-f94632e56b31",
            "e5c5fc8f-e07e-42c1-8f00-61621124365e",
            "b1884381-2368-4fb6-b3e4-817de81b30b4",
            "b9a97a07-7e10-4178-a07a-ea0cd081a0ea",
            "a5d5a264-edb3-4a48-8f2e-779566f6fc25",
            "e6374f06-95a2-4f07-8f0e-eecf4b202de5",
            "48bd40fe-726b-4976-ab05-c059cafb916f",
            "429463a5-1f0c-4808-8110-8fc09432ddd7",
            "767d6975-0006-45a4-94ee-ce4f6e071ce8",
            "e3e77519-fea7-4883-bcd5-0bc95c84bfe6"
          ],
          "failures": [],
          "pending": [],
          "skipped": [],
          "duration": 81356,
          "root": false,
          "rootEmpty": false,
          "_timeout": 2000
        }
      ],
      "passes": [],
      "failures": [],
      "pending": [],
      "skipped": [],
      "duration": 0,
      "root": true,
      "rootEmpty": true,
      "_timeout": 2000
    }
  ],
  "meta": {
    "mocha": {
      "version": "7.2.0"
    },
    "mochawesome": {
      "options": {
        "quiet": false,
        "reportFilename": "mochawesome",
        "saveHtml": false,
        "saveJson": true,
        "consoleReporter": "spec",
        "useInlineDiffs": false,
        "code": true
      },
      "version": "7.1.4"
    },
    "marge": {
      "options": {
        "reportDir": "cypress/reports",
        "overwrite": false,
        "html": false,
        "json": true
      },
      "version": "6.3.2"
    }
  }
}