{
  "stats": {
    "suites": 1,
    "tests": 12,
    "passes": 12,
    "pending": 0,
    "failures": 0,
    "start": "2026-03-05T03:45:21.738Z",
    "end": "2026-03-05T03:47:07.844Z",
    "duration": 106106,
    "testsRegistered": 12,
    "passPercent": 100,
    "pendingPercent": 0,
    "other": 0,
    "hasOther": false,
    "skipped": 0,
    "hasSkipped": false
  },
  "results": [
    {
      "uuid": "29bd0085-57e5-4ac7-ad59-b70fd72145f8",
      "title": "",
      "fullFile": "cypress/e2e/hu_01_register.cy.js",
      "file": "cypress/e2e/hu_01_register.cy.js",
      "beforeHooks": [],
      "afterHooks": [],
      "tests": [],
      "suites": [
        {
          "uuid": "c9dc2988-cf5b-4332-90c7-ec42171e4a90",
          "title": "Validación HU-01 — Registro de usuario",
          "fullFile": "",
          "file": "",
          "beforeHooks": [],
          "afterHooks": [],
          "tests": [
            {
              "title": "@integration TC-01 - Registrar un nuevo usuario con datos válidos",
              "fullTitle": "Validación HU-01 — Registro de usuario @integration TC-01 - Registrar un nuevo usuario con datos válidos",
              "timedOut": null,
              "duration": 12846,
              "state": "passed",
              "speed": "slow",
              "pass": true,
              "fail": false,
              "pending": false,
              "context": null,
              "code": "cy.intercept('POST', '**/prod/users').as('registerUser');\nconst dynamicLogin = _objectSpread(_objectSpread({}, user), {}, {\n  login: `user_${Date.now()}`\n});\n_RegisterPage.default.completarFormulario(dynamicLogin);\n_RegisterPage.default.enviarRegistro();\ncy.wait('@registerUser').then(interception => {\n  expect(interception.request.method).to.eq('POST');\n  expect(interception.request.body).to.deep.include({\n    username: dynamicLogin.login,\n    firstName: dynamicLogin.firstName,\n    lastName: dynamicLogin.lastName\n  });\n  expect(interception.response.statusCode).to.eq(201);\n});\ncy.get('.result').should('be.visible').and('contain', 'Registration is successful');\ncy.screenshot();",
              "err": {},
              "uuid": "926f6efc-f0f9-40cf-a477-c1a2061296f8",
              "parentUUID": "c9dc2988-cf5b-4332-90c7-ec42171e4a90",
              "isHook": false,
              "skipped": false
            },
            {
              "title": "@ui TC-02 - Intentar registrar un usuario sin completar el campo Login",
              "fullTitle": "Validación HU-01 — Registro de usuario @ui TC-02 - Intentar registrar un usuario sin completar el campo Login",
              "timedOut": null,
              "duration": 5263,
              "state": "passed",
              "speed": "medium",
              "pass": true,
              "fail": false,
              "pending": false,
              "context": null,
              "code": "_RegisterPage.default.completarFormulario(_objectSpread(_objectSpread({}, datosFormulario), {}, {\n  login: ''\n}));\n_RegisterPage.default.buttonDisabled();\n_RegisterPage.default.screenshotButtonDisabled();",
              "err": {},
              "uuid": "9007a87b-fde3-497e-8080-acc80df5bc59",
              "parentUUID": "c9dc2988-cf5b-4332-90c7-ec42171e4a90",
              "isHook": false,
              "skipped": false
            },
            {
              "title": "@ui TC-03 - Intentar registrar un usuario sin completar el campo First Name",
              "fullTitle": "Validación HU-01 — Registro de usuario @ui TC-03 - Intentar registrar un usuario sin completar el campo First Name",
              "timedOut": null,
              "duration": 5777,
              "state": "passed",
              "speed": "medium",
              "pass": true,
              "fail": false,
              "pending": false,
              "context": null,
              "code": "_RegisterPage.default.completarFormulario(_objectSpread(_objectSpread({}, datosFormulario), {}, {\n  firstName: ''\n}));\n_RegisterPage.default.buttonDisabled();\n_RegisterPage.default.screenshotButtonDisabled();",
              "err": {},
              "uuid": "9aa1dd6b-c574-4eb4-9231-2ccc70f8a8d9",
              "parentUUID": "c9dc2988-cf5b-4332-90c7-ec42171e4a90",
              "isHook": false,
              "skipped": false
            },
            {
              "title": "@ui TC-04 - Intentar registrar un usuario sin completar el campo Last Name",
              "fullTitle": "Validación HU-01 — Registro de usuario @ui TC-04 - Intentar registrar un usuario sin completar el campo Last Name",
              "timedOut": null,
              "duration": 5100,
              "state": "passed",
              "speed": "medium",
              "pass": true,
              "fail": false,
              "pending": false,
              "context": null,
              "code": "_RegisterPage.default.completarFormulario(_objectSpread(_objectSpread({}, datosFormulario), {}, {\n  lastName: ''\n}));\n_RegisterPage.default.buttonDisabled();\n_RegisterPage.default.screenshotButtonDisabled();",
              "err": {},
              "uuid": "a1d3af43-f266-4d37-93da-ecad1a376f19",
              "parentUUID": "c9dc2988-cf5b-4332-90c7-ec42171e4a90",
              "isHook": false,
              "skipped": false
            },
            {
              "title": "@ui TC-05 - Intentar registrar un usuario sin completar el campo Password",
              "fullTitle": "Validación HU-01 — Registro de usuario @ui TC-05 - Intentar registrar un usuario sin completar el campo Password",
              "timedOut": null,
              "duration": 5609,
              "state": "passed",
              "speed": "medium",
              "pass": true,
              "fail": false,
              "pending": false,
              "context": null,
              "code": "_RegisterPage.default.completarFormulario(_objectSpread(_objectSpread({}, datosFormulario), {}, {\n  password: ''\n}));\n_RegisterPage.default.buttonDisabled();\n_RegisterPage.default.screenshotButtonDisabled();",
              "err": {},
              "uuid": "72a8821c-a7ea-4971-bea3-4446663aef6c",
              "parentUUID": "c9dc2988-cf5b-4332-90c7-ec42171e4a90",
              "isHook": false,
              "skipped": false
            },
            {
              "title": "@ui TC-06 - Intentar registrar un usuario sin completar el campo Confirm Password",
              "fullTitle": "Validación HU-01 — Registro de usuario @ui TC-06 - Intentar registrar un usuario sin completar el campo Confirm Password",
              "timedOut": null,
              "duration": 7009,
              "state": "passed",
              "speed": "medium",
              "pass": true,
              "fail": false,
              "pending": false,
              "context": null,
              "code": "_RegisterPage.default.completarFormulario(_objectSpread(_objectSpread({}, datosFormulario), {}, {\n  confirmPassword: ''\n}));\n_RegisterPage.default.buttonDisabled();\n_RegisterPage.default.screenshotButtonDisabled();",
              "err": {},
              "uuid": "0ea5e25f-cfe1-4d65-8dc0-75aaa98f0623",
              "parentUUID": "c9dc2988-cf5b-4332-90c7-ec42171e4a90",
              "isHook": false,
              "skipped": false
            },
            {
              "title": "@ui TC-07 - Registrar usuario con contraseña menor a 8 caracteres que cumple mayúscula, número y símbolo",
              "fullTitle": "Validación HU-01 — Registro de usuario @ui TC-07 - Registrar usuario con contraseña menor a 8 caracteres que cumple mayúscula, número y símbolo",
              "timedOut": null,
              "duration": 10015,
              "state": "passed",
              "speed": "slow",
              "pass": true,
              "fail": false,
              "pending": false,
              "context": null,
              "code": "_RegisterPage.default.completarFormulario(_objectSpread(_objectSpread({}, datosFormulario), {}, {\n  password: 'Ab01*',\n  confirmPassword: 'Ab01*'\n}));\n_RegisterPage.default.enviarRegistro();\ncy.get('.result').should('be.visible').and('contain', 'size');\ncy.screenshot();",
              "err": {},
              "uuid": "0a75a4fb-b5c9-4e8b-9462-d1c019bd1a01",
              "parentUUID": "c9dc2988-cf5b-4332-90c7-ec42171e4a90",
              "isHook": false,
              "skipped": false
            },
            {
              "title": "@ui TC-08 - Registrar usuario con contraseña de 8 caracteres sin letra mayúscula",
              "fullTitle": "Validación HU-01 — Registro de usuario @ui TC-08 - Registrar usuario con contraseña de 8 caracteres sin letra mayúscula",
              "timedOut": null,
              "duration": 9570,
              "state": "passed",
              "speed": "medium",
              "pass": true,
              "fail": false,
              "pending": false,
              "context": null,
              "code": "_RegisterPage.default.completarFormulario(_objectSpread(_objectSpread({}, datosFormulario), {}, {\n  password: 'prueba1*',\n  confirmPassword: 'prueba1*'\n}));\n_RegisterPage.default.enviarRegistro();\ncy.get('.result').should('be.visible').and('contain', 'Password must have uppercase characters');\ncy.screenshot();",
              "err": {},
              "uuid": "878f03cf-2bfd-47b9-acd0-d09b725f91bb",
              "parentUUID": "c9dc2988-cf5b-4332-90c7-ec42171e4a90",
              "isHook": false,
              "skipped": false
            },
            {
              "title": "@ui TC-09 - Registrar usuario con contraseña de 8 caracteres sin número",
              "fullTitle": "Validación HU-01 — Registro de usuario @ui TC-09 - Registrar usuario con contraseña de 8 caracteres sin número",
              "timedOut": null,
              "duration": 9568,
              "state": "passed",
              "speed": "medium",
              "pass": true,
              "fail": false,
              "pending": false,
              "context": null,
              "code": "_RegisterPage.default.completarFormulario(_objectSpread(_objectSpread({}, datosFormulario), {}, {\n  password: 'pruebaA*',\n  confirmPassword: 'pruebaA*'\n}));\n_RegisterPage.default.enviarRegistro();\ncy.get('.result').should('be.visible').and('contain', 'Password must have numeric characters');\ncy.screenshot();",
              "err": {},
              "uuid": "96f219f9-d038-499d-9019-79d421530b40",
              "parentUUID": "c9dc2988-cf5b-4332-90c7-ec42171e4a90",
              "isHook": false,
              "skipped": false
            },
            {
              "title": "@ui TC-10 - Registrar usuario con contraseña de 8 caracteres sin simbolo",
              "fullTitle": "Validación HU-01 — Registro de usuario @ui TC-10 - Registrar usuario con contraseña de 8 caracteres sin simbolo",
              "timedOut": null,
              "duration": 8293,
              "state": "passed",
              "speed": "medium",
              "pass": true,
              "fail": false,
              "pending": false,
              "context": null,
              "code": "_RegisterPage.default.completarFormulario(_objectSpread(_objectSpread({}, datosFormulario), {}, {\n  password: 'pruebaA1',\n  confirmPassword: 'pruebaA1'\n}));\n_RegisterPage.default.enviarRegistro();\ncy.get('.result').should('be.visible').and('contain', 'Password must have symbol characters');\ncy.screenshot();",
              "err": {},
              "uuid": "394e0714-a052-40ad-96b0-0bcab54603ec",
              "parentUUID": "c9dc2988-cf5b-4332-90c7-ec42171e4a90",
              "isHook": false,
              "skipped": false
            },
            {
              "title": "@ui TC-11 - Registrar un usuario con Password y Confirm Password diferentes",
              "fullTitle": "Validación HU-01 — Registro de usuario @ui TC-11 - Registrar un usuario con Password y Confirm Password diferentes",
              "timedOut": null,
              "duration": 7440,
              "state": "passed",
              "speed": "medium",
              "pass": true,
              "fail": false,
              "pending": false,
              "context": null,
              "code": "_RegisterPage.default.completarFormulario(_objectSpread(_objectSpread({}, datosFormulario), {}, {\n  password: 'Prueba1*',\n  confirmPassword: 'Pruesdf1*'\n}));\ncy.get('.alert').should('contain', 'Passwords do not match').and('be.visible');\ncy.screenshot();",
              "err": {},
              "uuid": "3bbf9890-0572-4d83-b371-494a67182bc4",
              "parentUUID": "c9dc2988-cf5b-4332-90c7-ec42171e4a90",
              "isHook": false,
              "skipped": false
            },
            {
              "title": "@integration TC-12 - Registrar un usuario con Login previamente registrado",
              "fullTitle": "Validación HU-01 — Registro de usuario @integration TC-12 - Registrar un usuario con Login previamente registrado",
              "timedOut": null,
              "duration": 8089,
              "state": "passed",
              "speed": "medium",
              "pass": true,
              "fail": false,
              "pending": false,
              "context": null,
              "code": "cy.intercept('POST', '**/prod/users').as('loginDuplicate');\n_RegisterPage.default.completarFormulario(user);\n_RegisterPage.default.enviarRegistro();\ncy.wait('@loginDuplicate').then(interception => {\n  expect(interception.request.method).to.eq('POST');\n  expect(interception.request.body).to.deep.include({\n    username: user.login\n  });\n  expect(interception.response.statusCode).to.eq(400);\n});\ncy.get('.result').should('be.visible').and('contain', 'User already exists');",
              "err": {},
              "uuid": "4f905f96-3892-437a-a24f-0d2d7f5c8422",
              "parentUUID": "c9dc2988-cf5b-4332-90c7-ec42171e4a90",
              "isHook": false,
              "skipped": false
            }
          ],
          "suites": [],
          "passes": [
            "926f6efc-f0f9-40cf-a477-c1a2061296f8",
            "9007a87b-fde3-497e-8080-acc80df5bc59",
            "9aa1dd6b-c574-4eb4-9231-2ccc70f8a8d9",
            "a1d3af43-f266-4d37-93da-ecad1a376f19",
            "72a8821c-a7ea-4971-bea3-4446663aef6c",
            "0ea5e25f-cfe1-4d65-8dc0-75aaa98f0623",
            "0a75a4fb-b5c9-4e8b-9462-d1c019bd1a01",
            "878f03cf-2bfd-47b9-acd0-d09b725f91bb",
            "96f219f9-d038-499d-9019-79d421530b40",
            "394e0714-a052-40ad-96b0-0bcab54603ec",
            "3bbf9890-0572-4d83-b371-494a67182bc4",
            "4f905f96-3892-437a-a24f-0d2d7f5c8422"
          ],
          "failures": [],
          "pending": [],
          "skipped": [],
          "duration": 94579,
          "root": false,
          "rootEmpty": false,
          "_timeout": 2000
        }
      ],
      "passes": [],
      "failures": [],
      "pending": [],
      "skipped": [],
      "duration": 0,
      "root": true,
      "rootEmpty": true,
      "_timeout": 2000
    }
  ],
  "meta": {
    "mocha": {
      "version": "7.2.0"
    },
    "mochawesome": {
      "options": {
        "quiet": false,
        "reportFilename": "mochawesome",
        "saveHtml": false,
        "saveJson": true,
        "consoleReporter": "spec",
        "useInlineDiffs": false,
        "code": true
      },
      "version": "7.1.4"
    },
    "marge": {
      "options": {
        "reportDir": "cypress/reports",
        "overwrite": false,
        "html": false,
        "json": true
      },
      "version": "6.3.2"
    }
  }
}