{
  "stats": {
    "suites": 1,
    "tests": 12,
    "passes": 12,
    "pending": 0,
    "failures": 0,
    "start": "2026-03-06T02:28:55.588Z",
    "end": "2026-03-06T02:30:44.609Z",
    "duration": 109021,
    "testsRegistered": 12,
    "passPercent": 100,
    "pendingPercent": 0,
    "other": 0,
    "hasOther": false,
    "skipped": 0,
    "hasSkipped": false
  },
  "results": [
    {
      "uuid": "e50f0ce1-330c-4ba0-b14e-02ade9cd59ae",
      "title": "",
      "fullFile": "cypress/e2e/hu_01_register.cy.js",
      "file": "cypress/e2e/hu_01_register.cy.js",
      "beforeHooks": [],
      "afterHooks": [],
      "tests": [],
      "suites": [
        {
          "uuid": "39bc3c8d-19cc-4f85-9f18-98439c390ac4",
          "title": "Validación HU-01 — Registro de usuario",
          "fullFile": "",
          "file": "",
          "beforeHooks": [],
          "afterHooks": [],
          "tests": [
            {
              "title": "@integration TC-01 - Registrar un nuevo usuario con datos válidos",
              "fullTitle": "Validación HU-01 — Registro de usuario @integration TC-01 - Registrar un nuevo usuario con datos válidos",
              "timedOut": null,
              "duration": 20004,
              "state": "passed",
              "speed": "slow",
              "pass": true,
              "fail": false,
              "pending": false,
              "context": null,
              "code": "cy.intercept('POST', '**/prod/users').as('registerUser');\nconst dynamicLogin = _objectSpread(_objectSpread({}, user), {}, {\n  login: `user_${Date.now()}`\n});\n_RegisterPage.default.completarFormulario(dynamicLogin);\n_RegisterPage.default.enviarRegistro();\ncy.wait('@registerUser').then(interception => {\n  expect(interception.request.method).to.eq('POST');\n  expect(interception.request.body).to.deep.include({\n    username: dynamicLogin.login,\n    firstName: dynamicLogin.firstName,\n    lastName: dynamicLogin.lastName\n  });\n  expect(interception.response.statusCode).to.eq(201);\n});\ncy.get('.result').should('be.visible').and('contain', 'Registration is successful');\ncy.screenshot();",
              "err": {},
              "uuid": "27081198-516f-42d3-a176-34e10e727c1c",
              "parentUUID": "39bc3c8d-19cc-4f85-9f18-98439c390ac4",
              "isHook": false,
              "skipped": false
            },
            {
              "title": "@ui TC-02 - Intentar registrar un usuario sin completar el campo Login",
              "fullTitle": "Validación HU-01 — Registro de usuario @ui TC-02 - Intentar registrar un usuario sin completar el campo Login",
              "timedOut": null,
              "duration": 3517,
              "state": "passed",
              "speed": "fast",
              "pass": true,
              "fail": false,
              "pending": false,
              "context": null,
              "code": "_RegisterPage.default.completarFormulario(_objectSpread(_objectSpread({}, datosFormulario), {}, {\n  login: ''\n}));\n_RegisterPage.default.buttonDisabled();\n_RegisterPage.default.screenshotButtonDisabled();",
              "err": {},
              "uuid": "a9069914-4fe1-474e-a490-1be4eea1a1c1",
              "parentUUID": "39bc3c8d-19cc-4f85-9f18-98439c390ac4",
              "isHook": false,
              "skipped": false
            },
            {
              "title": "@ui TC-03 - Intentar registrar un usuario sin completar el campo First Name",
              "fullTitle": "Validación HU-01 — Registro de usuario @ui TC-03 - Intentar registrar un usuario sin completar el campo First Name",
              "timedOut": null,
              "duration": 3637,
              "state": "passed",
              "speed": "fast",
              "pass": true,
              "fail": false,
              "pending": false,
              "context": null,
              "code": "_RegisterPage.default.completarFormulario(_objectSpread(_objectSpread({}, datosFormulario), {}, {\n  firstName: ''\n}));\n_RegisterPage.default.buttonDisabled();\n_RegisterPage.default.screenshotButtonDisabled();",
              "err": {},
              "uuid": "677cdee3-ee7a-4cad-aa29-36c7d2720925",
              "parentUUID": "39bc3c8d-19cc-4f85-9f18-98439c390ac4",
              "isHook": false,
              "skipped": false
            },
            {
              "title": "@ui TC-04 - Intentar registrar un usuario sin completar el campo Last Name",
              "fullTitle": "Validación HU-01 — Registro de usuario @ui TC-04 - Intentar registrar un usuario sin completar el campo Last Name",
              "timedOut": null,
              "duration": 2663,
              "state": "passed",
              "speed": "fast",
              "pass": true,
              "fail": false,
              "pending": false,
              "context": null,
              "code": "_RegisterPage.default.completarFormulario(_objectSpread(_objectSpread({}, datosFormulario), {}, {\n  lastName: ''\n}));\n_RegisterPage.default.buttonDisabled();\n_RegisterPage.default.screenshotButtonDisabled();",
              "err": {},
              "uuid": "a356a513-542a-4e56-83ff-7c3a7378b851",
              "parentUUID": "39bc3c8d-19cc-4f85-9f18-98439c390ac4",
              "isHook": false,
              "skipped": false
            },
            {
              "title": "@ui TC-05 - Intentar registrar un usuario sin completar el campo Password",
              "fullTitle": "Validación HU-01 — Registro de usuario @ui TC-05 - Intentar registrar un usuario sin completar el campo Password",
              "timedOut": null,
              "duration": 3186,
              "state": "passed",
              "speed": "fast",
              "pass": true,
              "fail": false,
              "pending": false,
              "context": null,
              "code": "_RegisterPage.default.completarFormulario(_objectSpread(_objectSpread({}, datosFormulario), {}, {\n  password: ''\n}));\n_RegisterPage.default.buttonDisabled();\n_RegisterPage.default.screenshotButtonDisabled();",
              "err": {},
              "uuid": "7bd21974-12d6-4d87-ae62-daa1f321aaba",
              "parentUUID": "39bc3c8d-19cc-4f85-9f18-98439c390ac4",
              "isHook": false,
              "skipped": false
            },
            {
              "title": "@ui TC-06 - Intentar registrar un usuario sin completar el campo Confirm Password",
              "fullTitle": "Validación HU-01 — Registro de usuario @ui TC-06 - Intentar registrar un usuario sin completar el campo Confirm Password",
              "timedOut": null,
              "duration": 3139,
              "state": "passed",
              "speed": "fast",
              "pass": true,
              "fail": false,
              "pending": false,
              "context": null,
              "code": "_RegisterPage.default.completarFormulario(_objectSpread(_objectSpread({}, datosFormulario), {}, {\n  confirmPassword: ''\n}));\n_RegisterPage.default.buttonDisabled();\n_RegisterPage.default.screenshotButtonDisabled();",
              "err": {},
              "uuid": "4a4505f9-ce37-4387-9c4f-8862f1e5b6d3",
              "parentUUID": "39bc3c8d-19cc-4f85-9f18-98439c390ac4",
              "isHook": false,
              "skipped": false
            },
            {
              "title": "@ui TC-07 - Registrar usuario con contraseña menor a 8 caracteres que cumple mayúscula, número y símbolo",
              "fullTitle": "Validación HU-01 — Registro de usuario @ui TC-07 - Registrar usuario con contraseña menor a 8 caracteres que cumple mayúscula, número y símbolo",
              "timedOut": null,
              "duration": 5851,
              "state": "passed",
              "speed": "medium",
              "pass": true,
              "fail": false,
              "pending": false,
              "context": null,
              "code": "_RegisterPage.default.completarFormulario(_objectSpread(_objectSpread({}, datosFormulario), {}, {\n  password: 'Ab01*',\n  confirmPassword: 'Ab01*'\n}));\n_RegisterPage.default.enviarRegistro();\ncy.get('.result').should('be.visible').and('contain', 'size');\ncy.screenshot();",
              "err": {},
              "uuid": "0278b462-a3a3-4939-a834-81e4efa873f4",
              "parentUUID": "39bc3c8d-19cc-4f85-9f18-98439c390ac4",
              "isHook": false,
              "skipped": false
            },
            {
              "title": "@ui TC-08 - Registrar usuario con contraseña de 8 caracteres sin letra mayúscula",
              "fullTitle": "Validación HU-01 — Registro de usuario @ui TC-08 - Registrar usuario con contraseña de 8 caracteres sin letra mayúscula",
              "timedOut": null,
              "duration": 6598,
              "state": "passed",
              "speed": "medium",
              "pass": true,
              "fail": false,
              "pending": false,
              "context": null,
              "code": "_RegisterPage.default.completarFormulario(_objectSpread(_objectSpread({}, datosFormulario), {}, {\n  password: 'prueba1*',\n  confirmPassword: 'prueba1*'\n}));\n_RegisterPage.default.enviarRegistro();\ncy.get('.result').should('be.visible').and('contain', 'Password must have uppercase characters');\ncy.screenshot();",
              "err": {},
              "uuid": "56073df2-8562-45a8-8493-e102149cd27a",
              "parentUUID": "39bc3c8d-19cc-4f85-9f18-98439c390ac4",
              "isHook": false,
              "skipped": false
            },
            {
              "title": "@ui TC-09 - Registrar usuario con contraseña de 8 caracteres sin número",
              "fullTitle": "Validación HU-01 — Registro de usuario @ui TC-09 - Registrar usuario con contraseña de 8 caracteres sin número",
              "timedOut": null,
              "duration": 37278,
              "state": "passed",
              "speed": "slow",
              "pass": true,
              "fail": false,
              "pending": false,
              "context": null,
              "code": "_RegisterPage.default.completarFormulario(_objectSpread(_objectSpread({}, datosFormulario), {}, {\n  password: 'pruebaA*',\n  confirmPassword: 'pruebaA*'\n}));\n_RegisterPage.default.enviarRegistro();\ncy.get('.result').should('be.visible').and('contain', 'Password must have numeric characters');\ncy.screenshot();",
              "err": {},
              "uuid": "67501e6b-bd25-4a94-afee-ae68a1619d5a",
              "parentUUID": "39bc3c8d-19cc-4f85-9f18-98439c390ac4",
              "isHook": false,
              "skipped": false
            },
            {
              "title": "@ui TC-10 - Registrar usuario con contraseña de 8 caracteres sin simbolo",
              "fullTitle": "Validación HU-01 — Registro de usuario @ui TC-10 - Registrar usuario con contraseña de 8 caracteres sin simbolo",
              "timedOut": null,
              "duration": 6204,
              "state": "passed",
              "speed": "medium",
              "pass": true,
              "fail": false,
              "pending": false,
              "context": null,
              "code": "_RegisterPage.default.completarFormulario(_objectSpread(_objectSpread({}, datosFormulario), {}, {\n  password: 'pruebaA1',\n  confirmPassword: 'pruebaA1'\n}));\n_RegisterPage.default.enviarRegistro();\ncy.get('.result').should('be.visible').and('contain', 'Password must have symbol characters');\ncy.screenshot();",
              "err": {},
              "uuid": "66db6bf2-db11-435f-8173-9f77cb949db2",
              "parentUUID": "39bc3c8d-19cc-4f85-9f18-98439c390ac4",
              "isHook": false,
              "skipped": false
            },
            {
              "title": "@ui TC-11 - Registrar un usuario con Password y Confirm Password diferentes",
              "fullTitle": "Validación HU-01 — Registro de usuario @ui TC-11 - Registrar un usuario con Password y Confirm Password diferentes",
              "timedOut": null,
              "duration": 4803,
              "state": "passed",
              "speed": "fast",
              "pass": true,
              "fail": false,
              "pending": false,
              "context": null,
              "code": "_RegisterPage.default.completarFormulario(_objectSpread(_objectSpread({}, datosFormulario), {}, {\n  password: 'Prueba1*',\n  confirmPassword: 'Pruesdf1*'\n}));\ncy.get('.alert').should('contain', 'Passwords do not match').and('be.visible');\ncy.screenshot();",
              "err": {},
              "uuid": "91ba2caa-5f3c-4802-9b5f-5c0905f4504d",
              "parentUUID": "39bc3c8d-19cc-4f85-9f18-98439c390ac4",
              "isHook": false,
              "skipped": false
            },
            {
              "title": "@integration TC-12 - Registrar un usuario con Login previamente registrado",
              "fullTitle": "Validación HU-01 — Registro de usuario @integration TC-12 - Registrar un usuario con Login previamente registrado",
              "timedOut": null,
              "duration": 8987,
              "state": "passed",
              "speed": "medium",
              "pass": true,
              "fail": false,
              "pending": false,
              "context": null,
              "code": "cy.intercept('POST', '**/prod/users').as('loginDuplicate');\n_RegisterPage.default.completarFormulario(user);\n_RegisterPage.default.enviarRegistro();\ncy.wait('@loginDuplicate').then(interception => {\n  expect(interception.request.method).to.eq('POST');\n  expect(interception.request.body).to.deep.include({\n    username: user.login\n  });\n  expect(interception.response.statusCode).to.eq(400);\n});\ncy.get('.result').should('be.visible').and('contain', 'User already exists');",
              "err": {},
              "uuid": "5a036f4f-3b2b-40f7-9090-42644b9aaee0",
              "parentUUID": "39bc3c8d-19cc-4f85-9f18-98439c390ac4",
              "isHook": false,
              "skipped": false
            }
          ],
          "suites": [],
          "passes": [
            "27081198-516f-42d3-a176-34e10e727c1c",
            "a9069914-4fe1-474e-a490-1be4eea1a1c1",
            "677cdee3-ee7a-4cad-aa29-36c7d2720925",
            "a356a513-542a-4e56-83ff-7c3a7378b851",
            "7bd21974-12d6-4d87-ae62-daa1f321aaba",
            "4a4505f9-ce37-4387-9c4f-8862f1e5b6d3",
            "0278b462-a3a3-4939-a834-81e4efa873f4",
            "56073df2-8562-45a8-8493-e102149cd27a",
            "67501e6b-bd25-4a94-afee-ae68a1619d5a",
            "66db6bf2-db11-435f-8173-9f77cb949db2",
            "91ba2caa-5f3c-4802-9b5f-5c0905f4504d",
            "5a036f4f-3b2b-40f7-9090-42644b9aaee0"
          ],
          "failures": [],
          "pending": [],
          "skipped": [],
          "duration": 105867,
          "root": false,
          "rootEmpty": false,
          "_timeout": 2000
        }
      ],
      "passes": [],
      "failures": [],
      "pending": [],
      "skipped": [],
      "duration": 0,
      "root": true,
      "rootEmpty": true,
      "_timeout": 2000
    }
  ],
  "meta": {
    "mocha": {
      "version": "7.2.0"
    },
    "mochawesome": {
      "options": {
        "quiet": false,
        "reportFilename": "mochawesome",
        "saveHtml": false,
        "saveJson": true,
        "consoleReporter": "spec",
        "useInlineDiffs": false,
        "code": true
      },
      "version": "7.1.4"
    },
    "marge": {
      "options": {
        "reportDir": "cypress/reports",
        "overwrite": false,
        "html": false,
        "json": true
      },
      "version": "6.3.2"
    }
  }
}