{
  "stats": {
    "suites": 1,
    "tests": 6,
    "passes": 5,
    "pending": 0,
    "failures": 1,
    "start": "2026-03-05T02:41:57.348Z",
    "end": "2026-03-05T02:44:11.582Z",
    "duration": 134234,
    "testsRegistered": 6,
    "passPercent": 83.33333333333334,
    "pendingPercent": 0,
    "other": 0,
    "hasOther": false,
    "skipped": 0,
    "hasSkipped": false
  },
  "results": [
    {
      "uuid": "1e915091-c94f-45cc-afa6-c6c5acbf7892",
      "title": "",
      "fullFile": "cypress/e2e/hu_02_login.cy.js",
      "file": "cypress/e2e/hu_02_login.cy.js",
      "beforeHooks": [],
      "afterHooks": [],
      "tests": [],
      "suites": [
        {
          "uuid": "ecfa4747-2c75-4281-a7e8-0a9d35a3f292",
          "title": "HU-02 — Inicio de sesión de usuario",
          "fullFile": "",
          "file": "",
          "beforeHooks": [],
          "afterHooks": [],
          "tests": [
            {
              "title": "TC-01 Iniciar sesión con login y password válidos",
              "fullTitle": "HU-02 — Inicio de sesión de usuario TC-01 Iniciar sesión con login y password válidos",
              "timedOut": null,
              "duration": 26598,
              "state": "failed",
              "speed": null,
              "pass": false,
              "fail": true,
              "pending": false,
              "context": null,
              "code": "cy.login(user.login, user.password);\ncy.get('.navbar').contains('Hi,').should('be.visible');",
              "err": {
                "message": "AssertionError: Timed out retrying after 4000ms: Expected to find content: 'Hi,' within the element: <nav.navbar.navbar-full.navbar-dark.bg-inverse> but never did.",
                "estack": "AssertionError: Timed out retrying after 4000ms: Expected to find content: 'Hi,' within the element: <nav.navbar.navbar-full.navbar-dark.bg-inverse> but never did.\n    at Context.eval (webpack://buggy-cars-rating/./cypress/e2e/hu_02_login.cy.js:20:9)",
                "diff": null
              },
              "uuid": "8900f79c-70a1-4cff-a9f2-50b07e0152c9",
              "parentUUID": "ecfa4747-2c75-4281-a7e8-0a9d35a3f292",
              "isHook": false,
              "skipped": false
            },
            {
              "title": "TC-02 Intentar iniciar sesión sin completar el campo Login",
              "fullTitle": "HU-02 — Inicio de sesión de usuario TC-02 Intentar iniciar sesión sin completar el campo Login",
              "timedOut": null,
              "duration": 4683,
              "state": "passed",
              "speed": "fast",
              "pass": true,
              "fail": false,
              "pending": false,
              "context": null,
              "code": "cy.login('', 'Password456');\ncy.get('[name=\"login\"]').should('have.attr', 'required');\ncy.get('.navbar').contains('Hi,').should('not.exist');",
              "err": {},
              "uuid": "2a0af9d0-87ae-4da6-bc33-bbac74e087ff",
              "parentUUID": "ecfa4747-2c75-4281-a7e8-0a9d35a3f292",
              "isHook": false,
              "skipped": false
            },
            {
              "title": "TC-03 Intentar iniciar sesión sin completar el campo Password",
              "fullTitle": "HU-02 — Inicio de sesión de usuario TC-03 Intentar iniciar sesión sin completar el campo Password",
              "timedOut": null,
              "duration": 19116,
              "state": "passed",
              "speed": "slow",
              "pass": true,
              "fail": false,
              "pending": false,
              "context": null,
              "code": "cy.login(\"username01\", \"\");\ncy.get('[name=\"password\"]').should('have.attr', 'required');\ncy.get('.navbar').contains('Hi,').should('not.exist');",
              "err": {},
              "uuid": "7107a21d-3349-4229-a20f-772e9e3ca932",
              "parentUUID": "ecfa4747-2c75-4281-a7e8-0a9d35a3f292",
              "isHook": false,
              "skipped": false
            },
            {
              "title": "TC-04 Intentar iniciar sesión sin completar ningún campo",
              "fullTitle": "HU-02 — Inicio de sesión de usuario TC-04 Intentar iniciar sesión sin completar ningún campo",
              "timedOut": null,
              "duration": 11429,
              "state": "passed",
              "speed": "slow",
              "pass": true,
              "fail": false,
              "pending": false,
              "context": null,
              "code": "cy.login(\"\", \"\");\ncy.get('[name=\"login\"]').should('have.attr', 'required');\ncy.get('[name=\"password\"]').should('have.attr', 'required');\ncy.get('.navbar').contains('Hi,').should('not.exist');",
              "err": {},
              "uuid": "e063dfbd-b173-4312-b2b9-f9bd2418c47d",
              "parentUUID": "ecfa4747-2c75-4281-a7e8-0a9d35a3f292",
              "isHook": false,
              "skipped": false
            },
            {
              "title": "TC-05 Iniciar sesión con login inexistente",
              "fullTitle": "HU-02 — Inicio de sesión de usuario TC-05 Iniciar sesión con login inexistente",
              "timedOut": null,
              "duration": 33783,
              "state": "passed",
              "speed": "slow",
              "pass": true,
              "fail": false,
              "pending": false,
              "context": null,
              "code": "cy.login(\"username0098\", \"Prueba123*\");\ncy.contains('Invalid username/password').should('be.visible');",
              "err": {},
              "uuid": "be6f8df1-ca19-4044-92b7-048465976b62",
              "parentUUID": "ecfa4747-2c75-4281-a7e8-0a9d35a3f292",
              "isHook": false,
              "skipped": false
            },
            {
              "title": "TC-06 Iniciar sesión con login registrado y password incorrecto",
              "fullTitle": "HU-02 — Inicio de sesión de usuario TC-06 Iniciar sesión con login registrado y password incorrecto",
              "timedOut": null,
              "duration": 30772,
              "state": "passed",
              "speed": "slow",
              "pass": true,
              "fail": false,
              "pending": false,
              "context": null,
              "code": "cy.login(user.login, \"Qwerty1*\");\ncy.contains('Invalid username/password').should('be.visible');",
              "err": {},
              "uuid": "5b11f842-6b9e-427a-8e1d-d560b6d6fa17",
              "parentUUID": "ecfa4747-2c75-4281-a7e8-0a9d35a3f292",
              "isHook": false,
              "skipped": false
            }
          ],
          "suites": [],
          "passes": [
            "2a0af9d0-87ae-4da6-bc33-bbac74e087ff",
            "7107a21d-3349-4229-a20f-772e9e3ca932",
            "e063dfbd-b173-4312-b2b9-f9bd2418c47d",
            "be6f8df1-ca19-4044-92b7-048465976b62",
            "5b11f842-6b9e-427a-8e1d-d560b6d6fa17"
          ],
          "failures": [
            "8900f79c-70a1-4cff-a9f2-50b07e0152c9"
          ],
          "pending": [],
          "skipped": [],
          "duration": 126381,
          "root": false,
          "rootEmpty": false,
          "_timeout": 2000
        }
      ],
      "passes": [],
      "failures": [],
      "pending": [],
      "skipped": [],
      "duration": 0,
      "root": true,
      "rootEmpty": true,
      "_timeout": 2000
    }
  ],
  "meta": {
    "mocha": {
      "version": "7.2.0"
    },
    "mochawesome": {
      "options": {
        "quiet": false,
        "reportFilename": "mochawesome",
        "saveHtml": false,
        "saveJson": true,
        "consoleReporter": "spec",
        "useInlineDiffs": false,
        "code": true
      },
      "version": "7.1.4"
    },
    "marge": {
      "options": {
        "reportDir": "cypress/reports",
        "overwrite": false,
        "html": false,
        "json": true
      },
      "version": "6.3.2"
    }
  }
}