{
  "stats": {
    "suites": 1,
    "tests": 12,
    "passes": 12,
    "pending": 0,
    "failures": 0,
    "start": "2026-03-05T03:24:23.810Z",
    "end": "2026-03-05T03:26:17.388Z",
    "duration": 113578,
    "testsRegistered": 12,
    "passPercent": 100,
    "pendingPercent": 0,
    "other": 0,
    "hasOther": false,
    "skipped": 0,
    "hasSkipped": false
  },
  "results": [
    {
      "uuid": "df6ddb59-7d96-4918-871c-daf1b2352448",
      "title": "",
      "fullFile": "cypress/e2e/hu_01_register.cy.js",
      "file": "cypress/e2e/hu_01_register.cy.js",
      "beforeHooks": [],
      "afterHooks": [],
      "tests": [],
      "suites": [
        {
          "uuid": "9887fbd3-6668-4248-971d-6f272b4a72dd",
          "title": "Validación HU-01 — Registro de usuario",
          "fullFile": "",
          "file": "",
          "beforeHooks": [],
          "afterHooks": [],
          "tests": [
            {
              "title": "@integration TC-01 - Registrar un nuevo usuario con datos válidos",
              "fullTitle": "Validación HU-01 — Registro de usuario @integration TC-01 - Registrar un nuevo usuario con datos válidos",
              "timedOut": null,
              "duration": 20332,
              "state": "passed",
              "speed": "slow",
              "pass": true,
              "fail": false,
              "pending": false,
              "context": null,
              "code": "cy.intercept('POST', '**/prod/users').as('registerUser');\nconst dynamicLogin = _objectSpread(_objectSpread({}, user), {}, {\n  login: `user_${Date.now()}`\n});\n_RegisterPage.default.completarFormulario(dynamicLogin);\n_RegisterPage.default.enviarRegistro();\ncy.wait('@registerUser').then(interception => {\n  expect(interception.request.method).to.eq('POST');\n  expect(interception.request.body).to.deep.include({\n    username: dynamicLogin.login,\n    firstName: dynamicLogin.firstName,\n    lastName: dynamicLogin.lastName\n  });\n  expect(interception.response.statusCode).to.eq(201);\n});\ncy.get('.result').should('be.visible').and('contain', 'Registration is successful');\ncy.screenshot();",
              "err": {},
              "uuid": "efd3422a-ef2d-401d-ae9a-1d468af4c23e",
              "parentUUID": "9887fbd3-6668-4248-971d-6f272b4a72dd",
              "isHook": false,
              "skipped": false
            },
            {
              "title": "@ui TC-02 - Intentar registrar un usuario sin completar el campo Login",
              "fullTitle": "Validación HU-01 — Registro de usuario @ui TC-02 - Intentar registrar un usuario sin completar el campo Login",
              "timedOut": null,
              "duration": 5445,
              "state": "passed",
              "speed": "medium",
              "pass": true,
              "fail": false,
              "pending": false,
              "context": null,
              "code": "_RegisterPage.default.completarFormulario(_objectSpread(_objectSpread({}, datosFormulario), {}, {\n  login: ''\n}));\n_RegisterPage.default.buttonDisabled();\n_RegisterPage.default.screenshotButtonDisabled();",
              "err": {},
              "uuid": "595e7d6b-0732-43e2-8945-d704b652b4ce",
              "parentUUID": "9887fbd3-6668-4248-971d-6f272b4a72dd",
              "isHook": false,
              "skipped": false
            },
            {
              "title": "@ui TC-03 - Intentar registrar un usuario sin completar el campo First Name",
              "fullTitle": "Validación HU-01 — Registro de usuario @ui TC-03 - Intentar registrar un usuario sin completar el campo First Name",
              "timedOut": null,
              "duration": 4120,
              "state": "passed",
              "speed": "fast",
              "pass": true,
              "fail": false,
              "pending": false,
              "context": null,
              "code": "_RegisterPage.default.completarFormulario(_objectSpread(_objectSpread({}, datosFormulario), {}, {\n  firstName: ''\n}));\n_RegisterPage.default.buttonDisabled();\n_RegisterPage.default.screenshotButtonDisabled();",
              "err": {},
              "uuid": "c9babd79-dc20-4f8e-88aa-fe157d561200",
              "parentUUID": "9887fbd3-6668-4248-971d-6f272b4a72dd",
              "isHook": false,
              "skipped": false
            },
            {
              "title": "@ui TC-04 - Intentar registrar un usuario sin completar el campo Last Name",
              "fullTitle": "Validación HU-01 — Registro de usuario @ui TC-04 - Intentar registrar un usuario sin completar el campo Last Name",
              "timedOut": null,
              "duration": 5035,
              "state": "passed",
              "speed": "medium",
              "pass": true,
              "fail": false,
              "pending": false,
              "context": null,
              "code": "_RegisterPage.default.completarFormulario(_objectSpread(_objectSpread({}, datosFormulario), {}, {\n  lastName: ''\n}));\n_RegisterPage.default.buttonDisabled();\n_RegisterPage.default.screenshotButtonDisabled();",
              "err": {},
              "uuid": "ac19286a-0865-4c09-acf9-478420c30c54",
              "parentUUID": "9887fbd3-6668-4248-971d-6f272b4a72dd",
              "isHook": false,
              "skipped": false
            },
            {
              "title": "@ui TC-05 - Intentar registrar un usuario sin completar el campo Password",
              "fullTitle": "Validación HU-01 — Registro de usuario @ui TC-05 - Intentar registrar un usuario sin completar el campo Password",
              "timedOut": null,
              "duration": 4185,
              "state": "passed",
              "speed": "fast",
              "pass": true,
              "fail": false,
              "pending": false,
              "context": null,
              "code": "_RegisterPage.default.completarFormulario(_objectSpread(_objectSpread({}, datosFormulario), {}, {\n  password: ''\n}));\n_RegisterPage.default.buttonDisabled();\n_RegisterPage.default.screenshotButtonDisabled();",
              "err": {},
              "uuid": "98684266-dd1d-4e1f-a2b4-dca7879db2c6",
              "parentUUID": "9887fbd3-6668-4248-971d-6f272b4a72dd",
              "isHook": false,
              "skipped": false
            },
            {
              "title": "@ui TC-06 - Intentar registrar un usuario sin completar el campo Confirm Password",
              "fullTitle": "Validación HU-01 — Registro de usuario @ui TC-06 - Intentar registrar un usuario sin completar el campo Confirm Password",
              "timedOut": null,
              "duration": 4179,
              "state": "passed",
              "speed": "fast",
              "pass": true,
              "fail": false,
              "pending": false,
              "context": null,
              "code": "_RegisterPage.default.completarFormulario(_objectSpread(_objectSpread({}, datosFormulario), {}, {\n  confirmPassword: ''\n}));\n_RegisterPage.default.buttonDisabled();\n_RegisterPage.default.screenshotButtonDisabled();",
              "err": {},
              "uuid": "9de6fe13-e4d4-4e7f-a09a-0c4d2612fb0d",
              "parentUUID": "9887fbd3-6668-4248-971d-6f272b4a72dd",
              "isHook": false,
              "skipped": false
            },
            {
              "title": "@ui TC-07 - Registrar usuario con contraseña menor a 8 caracteres que cumple mayúscula, número y símbolo",
              "fullTitle": "Validación HU-01 — Registro de usuario @ui TC-07 - Registrar usuario con contraseña menor a 8 caracteres que cumple mayúscula, número y símbolo",
              "timedOut": null,
              "duration": 7380,
              "state": "passed",
              "speed": "medium",
              "pass": true,
              "fail": false,
              "pending": false,
              "context": null,
              "code": "_RegisterPage.default.completarFormulario(_objectSpread(_objectSpread({}, datosFormulario), {}, {\n  password: 'Ab01*',\n  confirmPassword: 'Ab01*'\n}));\n_RegisterPage.default.enviarRegistro();\ncy.get('.result').should('be.visible').and('contain', 'size');\ncy.screenshot();",
              "err": {},
              "uuid": "553c7308-88dd-4052-8477-03dc1978e200",
              "parentUUID": "9887fbd3-6668-4248-971d-6f272b4a72dd",
              "isHook": false,
              "skipped": false
            },
            {
              "title": "@ui TC-08 - Registrar usuario con contraseña de 8 caracteres sin letra mayúscula",
              "fullTitle": "Validación HU-01 — Registro de usuario @ui TC-08 - Registrar usuario con contraseña de 8 caracteres sin letra mayúscula",
              "timedOut": null,
              "duration": 11738,
              "state": "passed",
              "speed": "slow",
              "pass": true,
              "fail": false,
              "pending": false,
              "context": null,
              "code": "_RegisterPage.default.completarFormulario(_objectSpread(_objectSpread({}, datosFormulario), {}, {\n  password: 'prueba1*',\n  confirmPassword: 'prueba1*'\n}));\n_RegisterPage.default.enviarRegistro();\ncy.get('.result').should('be.visible').and('contain', 'Password must have uppercase characters');\ncy.screenshot();",
              "err": {},
              "uuid": "d5049702-379c-43b1-8dd8-18291af09d2d",
              "parentUUID": "9887fbd3-6668-4248-971d-6f272b4a72dd",
              "isHook": false,
              "skipped": false
            },
            {
              "title": "@ui TC-09 - Registrar usuario con contraseña de 8 caracteres sin número",
              "fullTitle": "Validación HU-01 — Registro de usuario @ui TC-09 - Registrar usuario con contraseña de 8 caracteres sin número",
              "timedOut": null,
              "duration": 13874,
              "state": "passed",
              "speed": "slow",
              "pass": true,
              "fail": false,
              "pending": false,
              "context": null,
              "code": "_RegisterPage.default.completarFormulario(_objectSpread(_objectSpread({}, datosFormulario), {}, {\n  password: 'pruebaA*',\n  confirmPassword: 'pruebaA*'\n}));\n_RegisterPage.default.enviarRegistro();\ncy.get('.result').should('be.visible').and('contain', 'Password must have numeric characters');\ncy.screenshot();",
              "err": {},
              "uuid": "66360041-d001-49d5-9a8e-7411f0f597b7",
              "parentUUID": "9887fbd3-6668-4248-971d-6f272b4a72dd",
              "isHook": false,
              "skipped": false
            },
            {
              "title": "@ui TC-10 - Registrar usuario con contraseña de 8 caracteres sin simbolo",
              "fullTitle": "Validación HU-01 — Registro de usuario @ui TC-10 - Registrar usuario con contraseña de 8 caracteres sin simbolo",
              "timedOut": null,
              "duration": 10709,
              "state": "passed",
              "speed": "slow",
              "pass": true,
              "fail": false,
              "pending": false,
              "context": null,
              "code": "_RegisterPage.default.completarFormulario(_objectSpread(_objectSpread({}, datosFormulario), {}, {\n  password: 'pruebaA1',\n  confirmPassword: 'pruebaA1'\n}));\n_RegisterPage.default.enviarRegistro();\ncy.get('.result').should('be.visible').and('contain', 'Password must have symbol characters');\ncy.screenshot();",
              "err": {},
              "uuid": "86dbb28e-c19a-4ba9-a2f6-fbe2552dd08b",
              "parentUUID": "9887fbd3-6668-4248-971d-6f272b4a72dd",
              "isHook": false,
              "skipped": false
            },
            {
              "title": "@ui TC-11 - Registrar un usuario con Password y Confirm Password diferentes",
              "fullTitle": "Validación HU-01 — Registro de usuario @ui TC-11 - Registrar un usuario con Password y Confirm Password diferentes",
              "timedOut": null,
              "duration": 7630,
              "state": "passed",
              "speed": "medium",
              "pass": true,
              "fail": false,
              "pending": false,
              "context": null,
              "code": "_RegisterPage.default.completarFormulario(_objectSpread(_objectSpread({}, datosFormulario), {}, {\n  password: 'Prueba1*',\n  confirmPassword: 'Pruesdf1*'\n}));\ncy.get('.alert').should('contain', 'Passwords do not match').and('be.visible');\ncy.screenshot();",
              "err": {},
              "uuid": "cc48269b-ed80-4cc4-9be3-a726069eb239",
              "parentUUID": "9887fbd3-6668-4248-971d-6f272b4a72dd",
              "isHook": false,
              "skipped": false
            },
            {
              "title": "@integration TC-12 - Registrar un usuario con Login previamente registrado",
              "fullTitle": "Validación HU-01 — Registro de usuario @integration TC-12 - Registrar un usuario con Login previamente registrado",
              "timedOut": null,
              "duration": 9989,
              "state": "passed",
              "speed": "medium",
              "pass": true,
              "fail": false,
              "pending": false,
              "context": null,
              "code": "cy.intercept('POST', '**/prod/users').as('loginDuplicate');\n_RegisterPage.default.completarFormulario(user);\n_RegisterPage.default.enviarRegistro();\ncy.wait('@loginDuplicate').then(interception => {\n  expect(interception.request.method).to.eq('POST');\n  expect(interception.request.body).to.deep.include({\n    username: user.login\n  });\n  expect(interception.response.statusCode).to.eq(400);\n});\ncy.get('.result').should('be.visible').and('contain', 'User already exists');",
              "err": {},
              "uuid": "869e70fb-98af-4745-aba1-d3806127c2fb",
              "parentUUID": "9887fbd3-6668-4248-971d-6f272b4a72dd",
              "isHook": false,
              "skipped": false
            }
          ],
          "suites": [],
          "passes": [
            "efd3422a-ef2d-401d-ae9a-1d468af4c23e",
            "595e7d6b-0732-43e2-8945-d704b652b4ce",
            "c9babd79-dc20-4f8e-88aa-fe157d561200",
            "ac19286a-0865-4c09-acf9-478420c30c54",
            "98684266-dd1d-4e1f-a2b4-dca7879db2c6",
            "9de6fe13-e4d4-4e7f-a09a-0c4d2612fb0d",
            "553c7308-88dd-4052-8477-03dc1978e200",
            "d5049702-379c-43b1-8dd8-18291af09d2d",
            "66360041-d001-49d5-9a8e-7411f0f597b7",
            "86dbb28e-c19a-4ba9-a2f6-fbe2552dd08b",
            "cc48269b-ed80-4cc4-9be3-a726069eb239",
            "869e70fb-98af-4745-aba1-d3806127c2fb"
          ],
          "failures": [],
          "pending": [],
          "skipped": [],
          "duration": 104616,
          "root": false,
          "rootEmpty": false,
          "_timeout": 2000
        }
      ],
      "passes": [],
      "failures": [],
      "pending": [],
      "skipped": [],
      "duration": 0,
      "root": true,
      "rootEmpty": true,
      "_timeout": 2000
    }
  ],
  "meta": {
    "mocha": {
      "version": "7.2.0"
    },
    "mochawesome": {
      "options": {
        "quiet": false,
        "reportFilename": "mochawesome",
        "saveHtml": false,
        "saveJson": true,
        "consoleReporter": "spec",
        "useInlineDiffs": false,
        "code": true
      },
      "version": "7.1.4"
    },
    "marge": {
      "options": {
        "reportDir": "cypress/reports",
        "overwrite": false,
        "html": false,
        "json": true
      },
      "version": "6.3.2"
    }
  }
}