{
  "stats": {
    "suites": 1,
    "tests": 12,
    "passes": 12,
    "pending": 0,
    "failures": 0,
    "start": "2026-03-05T03:18:28.308Z",
    "end": "2026-03-05T03:20:18.481Z",
    "duration": 110173,
    "testsRegistered": 12,
    "passPercent": 100,
    "pendingPercent": 0,
    "other": 0,
    "hasOther": false,
    "skipped": 0,
    "hasSkipped": false
  },
  "results": [
    {
      "uuid": "c3a937ad-f8dc-46a3-b683-9aeb740a225b",
      "title": "",
      "fullFile": "cypress/e2e/hu_01_register.cy.js",
      "file": "cypress/e2e/hu_01_register.cy.js",
      "beforeHooks": [],
      "afterHooks": [],
      "tests": [],
      "suites": [
        {
          "uuid": "71a5f359-af60-4ec0-98ad-16ba699b7d32",
          "title": "Validación HU-01 — Registro de usuario",
          "fullFile": "",
          "file": "",
          "beforeHooks": [],
          "afterHooks": [],
          "tests": [
            {
              "title": "@integration TC-01 - Registrar un nuevo usuario con datos válidos",
              "fullTitle": "Validación HU-01 — Registro de usuario @integration TC-01 - Registrar un nuevo usuario con datos válidos",
              "timedOut": null,
              "duration": 19221,
              "state": "passed",
              "speed": "slow",
              "pass": true,
              "fail": false,
              "pending": false,
              "context": null,
              "code": "cy.intercept('POST', '**/prod/users').as('registerUser');\nconst dynamicLogin = _objectSpread(_objectSpread({}, user), {}, {\n  login: `user_${Date.now()}`\n});\n_RegisterPage.default.completarFormulario(dynamicLogin);\n_RegisterPage.default.enviarRegistro();\ncy.wait('@registerUser').then(interception => {\n  expect(interception.request.method).to.eq('POST');\n  expect(interception.request.body).to.deep.include({\n    username: dynamicLogin.login,\n    firstName: dynamicLogin.firstName,\n    lastName: dynamicLogin.lastName\n  });\n  expect(interception.response.statusCode).to.eq(201);\n});\ncy.get('.result').should('be.visible').and('contain', 'Registration is successful');\ncy.screenshot();",
              "err": {},
              "uuid": "45ed6dfd-1b65-4a61-91aa-a85d2b7b544e",
              "parentUUID": "71a5f359-af60-4ec0-98ad-16ba699b7d32",
              "isHook": false,
              "skipped": false
            },
            {
              "title": "@ui TC-02 - Intentar registrar un usuario sin completar el campo Login",
              "fullTitle": "Validación HU-01 — Registro de usuario @ui TC-02 - Intentar registrar un usuario sin completar el campo Login",
              "timedOut": null,
              "duration": 4247,
              "state": "passed",
              "speed": "fast",
              "pass": true,
              "fail": false,
              "pending": false,
              "context": null,
              "code": "_RegisterPage.default.completarFormulario(_objectSpread(_objectSpread({}, datosFormulario), {}, {\n  login: ''\n}));\n_RegisterPage.default.buttonDisabled();\n_RegisterPage.default.screenshotButtonDisabled();",
              "err": {},
              "uuid": "c30a93e9-87d6-4d9c-8922-52af968c46d9",
              "parentUUID": "71a5f359-af60-4ec0-98ad-16ba699b7d32",
              "isHook": false,
              "skipped": false
            },
            {
              "title": "@ui TC-03 - Intentar registrar un usuario sin completar el campo First Name",
              "fullTitle": "Validación HU-01 — Registro de usuario @ui TC-03 - Intentar registrar un usuario sin completar el campo First Name",
              "timedOut": null,
              "duration": 4900,
              "state": "passed",
              "speed": "fast",
              "pass": true,
              "fail": false,
              "pending": false,
              "context": null,
              "code": "_RegisterPage.default.completarFormulario(_objectSpread(_objectSpread({}, datosFormulario), {}, {\n  firstName: ''\n}));\n_RegisterPage.default.buttonDisabled();\n_RegisterPage.default.screenshotButtonDisabled();",
              "err": {},
              "uuid": "e59062ed-1c21-4218-be92-89e670436d02",
              "parentUUID": "71a5f359-af60-4ec0-98ad-16ba699b7d32",
              "isHook": false,
              "skipped": false
            },
            {
              "title": "@ui TC-04 - Intentar registrar un usuario sin completar el campo Last Name",
              "fullTitle": "Validación HU-01 — Registro de usuario @ui TC-04 - Intentar registrar un usuario sin completar el campo Last Name",
              "timedOut": null,
              "duration": 9076,
              "state": "passed",
              "speed": "medium",
              "pass": true,
              "fail": false,
              "pending": false,
              "context": null,
              "code": "_RegisterPage.default.completarFormulario(_objectSpread(_objectSpread({}, datosFormulario), {}, {\n  lastName: ''\n}));\n_RegisterPage.default.buttonDisabled();\n_RegisterPage.default.screenshotButtonDisabled();",
              "err": {},
              "uuid": "60e5cdc0-bd05-402b-a616-b97d74602a95",
              "parentUUID": "71a5f359-af60-4ec0-98ad-16ba699b7d32",
              "isHook": false,
              "skipped": false
            },
            {
              "title": "@ui TC-05 - Intentar registrar un usuario sin completar el campo Password",
              "fullTitle": "Validación HU-01 — Registro de usuario @ui TC-05 - Intentar registrar un usuario sin completar el campo Password",
              "timedOut": null,
              "duration": 4599,
              "state": "passed",
              "speed": "fast",
              "pass": true,
              "fail": false,
              "pending": false,
              "context": null,
              "code": "_RegisterPage.default.completarFormulario(_objectSpread(_objectSpread({}, datosFormulario), {}, {\n  password: ''\n}));\n_RegisterPage.default.buttonDisabled();\n_RegisterPage.default.screenshotButtonDisabled();",
              "err": {},
              "uuid": "9380563e-da72-4121-b048-81810abf2827",
              "parentUUID": "71a5f359-af60-4ec0-98ad-16ba699b7d32",
              "isHook": false,
              "skipped": false
            },
            {
              "title": "@ui TC-06 - Intentar registrar un usuario sin completar el campo Confirm Password",
              "fullTitle": "Validación HU-01 — Registro de usuario @ui TC-06 - Intentar registrar un usuario sin completar el campo Confirm Password",
              "timedOut": null,
              "duration": 4374,
              "state": "passed",
              "speed": "fast",
              "pass": true,
              "fail": false,
              "pending": false,
              "context": null,
              "code": "_RegisterPage.default.completarFormulario(_objectSpread(_objectSpread({}, datosFormulario), {}, {\n  confirmPassword: ''\n}));\n_RegisterPage.default.buttonDisabled();\n_RegisterPage.default.screenshotButtonDisabled();",
              "err": {},
              "uuid": "7f173f02-8d0e-47f1-b2c1-248400a4f702",
              "parentUUID": "71a5f359-af60-4ec0-98ad-16ba699b7d32",
              "isHook": false,
              "skipped": false
            },
            {
              "title": "@ui TC-07 - Registrar usuario con contraseña menor a 8 caracteres que cumple mayúscula, número y símbolo",
              "fullTitle": "Validación HU-01 — Registro de usuario @ui TC-07 - Registrar usuario con contraseña menor a 8 caracteres que cumple mayúscula, número y símbolo",
              "timedOut": null,
              "duration": 9829,
              "state": "passed",
              "speed": "medium",
              "pass": true,
              "fail": false,
              "pending": false,
              "context": null,
              "code": "_RegisterPage.default.completarFormulario(_objectSpread(_objectSpread({}, datosFormulario), {}, {\n  password: 'Ab01*',\n  confirmPassword: 'Ab01*'\n}));\n_RegisterPage.default.enviarRegistro();\ncy.get('.result').should('be.visible').and('contain', 'size');\ncy.screenshot();",
              "err": {},
              "uuid": "361b75e7-8744-4302-abdd-1e51d6959c55",
              "parentUUID": "71a5f359-af60-4ec0-98ad-16ba699b7d32",
              "isHook": false,
              "skipped": false
            },
            {
              "title": "@ui TC-08 - Registrar usuario con contraseña de 8 caracteres sin letra mayúscula",
              "fullTitle": "Validación HU-01 — Registro de usuario @ui TC-08 - Registrar usuario con contraseña de 8 caracteres sin letra mayúscula",
              "timedOut": null,
              "duration": 10294,
              "state": "passed",
              "speed": "slow",
              "pass": true,
              "fail": false,
              "pending": false,
              "context": null,
              "code": "_RegisterPage.default.completarFormulario(_objectSpread(_objectSpread({}, datosFormulario), {}, {\n  password: 'prueba1*',\n  confirmPassword: 'prueba1*'\n}));\n_RegisterPage.default.enviarRegistro();\ncy.get('.result').should('be.visible').and('contain', 'Password must have uppercase characters');\ncy.screenshot();",
              "err": {},
              "uuid": "a4f2bd66-6ac6-4dee-8be2-5533f4c11f41",
              "parentUUID": "71a5f359-af60-4ec0-98ad-16ba699b7d32",
              "isHook": false,
              "skipped": false
            },
            {
              "title": "@ui TC-09 - Registrar usuario con contraseña de 8 caracteres sin número",
              "fullTitle": "Validación HU-01 — Registro de usuario @ui TC-09 - Registrar usuario con contraseña de 8 caracteres sin número",
              "timedOut": null,
              "duration": 10311,
              "state": "passed",
              "speed": "slow",
              "pass": true,
              "fail": false,
              "pending": false,
              "context": null,
              "code": "_RegisterPage.default.completarFormulario(_objectSpread(_objectSpread({}, datosFormulario), {}, {\n  password: 'pruebaA*',\n  confirmPassword: 'pruebaA*'\n}));\n_RegisterPage.default.enviarRegistro();\ncy.get('.result').should('be.visible').and('contain', 'Password must have numeric characters');\ncy.screenshot();",
              "err": {},
              "uuid": "a144f82a-ceaf-486f-88fc-8a679fb7265f",
              "parentUUID": "71a5f359-af60-4ec0-98ad-16ba699b7d32",
              "isHook": false,
              "skipped": false
            },
            {
              "title": "@ui TC-10 - Registrar usuario con contraseña de 8 caracteres sin simbolo",
              "fullTitle": "Validación HU-01 — Registro de usuario @ui TC-10 - Registrar usuario con contraseña de 8 caracteres sin simbolo",
              "timedOut": null,
              "duration": 8903,
              "state": "passed",
              "speed": "medium",
              "pass": true,
              "fail": false,
              "pending": false,
              "context": null,
              "code": "_RegisterPage.default.completarFormulario(_objectSpread(_objectSpread({}, datosFormulario), {}, {\n  password: 'pruebaA1',\n  confirmPassword: 'pruebaA1'\n}));\n_RegisterPage.default.enviarRegistro();\ncy.get('.result').should('be.visible').and('contain', 'Password must have symbol characters');\ncy.screenshot();",
              "err": {},
              "uuid": "96acc1aa-eb9c-45e6-9348-8a7d4ca58e1d",
              "parentUUID": "71a5f359-af60-4ec0-98ad-16ba699b7d32",
              "isHook": false,
              "skipped": false
            },
            {
              "title": "@ui TC-11 - Registrar un usuario con Password y Confirm Password diferentes",
              "fullTitle": "Validación HU-01 — Registro de usuario @ui TC-11 - Registrar un usuario con Password y Confirm Password diferentes",
              "timedOut": null,
              "duration": 7812,
              "state": "passed",
              "speed": "medium",
              "pass": true,
              "fail": false,
              "pending": false,
              "context": null,
              "code": "_RegisterPage.default.completarFormulario(_objectSpread(_objectSpread({}, datosFormulario), {}, {\n  password: 'Prueba1*',\n  confirmPassword: 'Pruesdf1*'\n}));\ncy.get('.alert').should('contain', 'Passwords do not match').and('be.visible');\ncy.screenshot();",
              "err": {},
              "uuid": "08191006-83ef-4ede-922d-3cfe1657c966",
              "parentUUID": "71a5f359-af60-4ec0-98ad-16ba699b7d32",
              "isHook": false,
              "skipped": false
            },
            {
              "title": "@integration TC-12 - Registrar un usuario con Login previamente registrado",
              "fullTitle": "Validación HU-01 — Registro de usuario @integration TC-12 - Registrar un usuario con Login previamente registrado",
              "timedOut": null,
              "duration": 7922,
              "state": "passed",
              "speed": "medium",
              "pass": true,
              "fail": false,
              "pending": false,
              "context": null,
              "code": "cy.intercept('POST', '**/prod/users').as('loginDuplicate');\n_RegisterPage.default.completarFormulario(user);\n_RegisterPage.default.enviarRegistro();\ncy.wait('@loginDuplicate').then(interception => {\n  expect(interception.request.method).to.eq('POST');\n  expect(interception.request.body).to.deep.include({\n    username: user.login\n  });\n  expect(interception.response.statusCode).to.eq(400);\n});\ncy.get('.result').should('be.visible').and('contain', 'User already exists');",
              "err": {},
              "uuid": "4ccfc47c-d37b-436c-9158-b546bef9c959",
              "parentUUID": "71a5f359-af60-4ec0-98ad-16ba699b7d32",
              "isHook": false,
              "skipped": false
            }
          ],
          "suites": [],
          "passes": [
            "45ed6dfd-1b65-4a61-91aa-a85d2b7b544e",
            "c30a93e9-87d6-4d9c-8922-52af968c46d9",
            "e59062ed-1c21-4218-be92-89e670436d02",
            "60e5cdc0-bd05-402b-a616-b97d74602a95",
            "9380563e-da72-4121-b048-81810abf2827",
            "7f173f02-8d0e-47f1-b2c1-248400a4f702",
            "361b75e7-8744-4302-abdd-1e51d6959c55",
            "a4f2bd66-6ac6-4dee-8be2-5533f4c11f41",
            "a144f82a-ceaf-486f-88fc-8a679fb7265f",
            "96acc1aa-eb9c-45e6-9348-8a7d4ca58e1d",
            "08191006-83ef-4ede-922d-3cfe1657c966",
            "4ccfc47c-d37b-436c-9158-b546bef9c959"
          ],
          "failures": [],
          "pending": [],
          "skipped": [],
          "duration": 101488,
          "root": false,
          "rootEmpty": false,
          "_timeout": 2000
        }
      ],
      "passes": [],
      "failures": [],
      "pending": [],
      "skipped": [],
      "duration": 0,
      "root": true,
      "rootEmpty": true,
      "_timeout": 2000
    }
  ],
  "meta": {
    "mocha": {
      "version": "7.2.0"
    },
    "mochawesome": {
      "options": {
        "quiet": false,
        "reportFilename": "mochawesome",
        "saveHtml": false,
        "saveJson": true,
        "consoleReporter": "spec",
        "useInlineDiffs": false,
        "code": true
      },
      "version": "7.1.4"
    },
    "marge": {
      "options": {
        "reportDir": "cypress/reports",
        "overwrite": false,
        "html": false,
        "json": true
      },
      "version": "6.3.2"
    }
  }
}