{
  "stats": {
    "suites": 1,
    "tests": 6,
    "passes": 6,
    "pending": 0,
    "failures": 0,
    "start": "2026-03-05T02:50:53.742Z",
    "end": "2026-03-05T02:51:24.197Z",
    "duration": 30455,
    "testsRegistered": 6,
    "passPercent": 100,
    "pendingPercent": 0,
    "other": 0,
    "hasOther": false,
    "skipped": 0,
    "hasSkipped": false
  },
  "results": [
    {
      "uuid": "74cb8996-a79d-44d6-a3cc-8dacdf01d2ee",
      "title": "",
      "fullFile": "cypress/e2e/hu_02_login.cy.js",
      "file": "cypress/e2e/hu_02_login.cy.js",
      "beforeHooks": [],
      "afterHooks": [],
      "tests": [],
      "suites": [
        {
          "uuid": "53bda527-5805-4159-a2a4-10fb209799f7",
          "title": "HU-02 — Inicio de sesión de usuario",
          "fullFile": "",
          "file": "",
          "beforeHooks": [],
          "afterHooks": [],
          "tests": [
            {
              "title": "TC-01 Iniciar sesión con login y password válidos",
              "fullTitle": "HU-02 — Inicio de sesión de usuario TC-01 Iniciar sesión con login y password válidos",
              "timedOut": null,
              "duration": 9982,
              "state": "passed",
              "speed": "medium",
              "pass": true,
              "fail": false,
              "pending": false,
              "context": null,
              "code": "cy.login(user.login, user.password);\ncy.get('.navbar').contains('Hi,').should('be.visible');",
              "err": {},
              "uuid": "91bf93ca-a3da-4ed5-b96b-f6857128c0b3",
              "parentUUID": "53bda527-5805-4159-a2a4-10fb209799f7",
              "isHook": false,
              "skipped": false
            },
            {
              "title": "TC-02 Intentar iniciar sesión sin completar el campo Login",
              "fullTitle": "HU-02 — Inicio de sesión de usuario TC-02 Intentar iniciar sesión sin completar el campo Login",
              "timedOut": null,
              "duration": 2718,
              "state": "passed",
              "speed": "fast",
              "pass": true,
              "fail": false,
              "pending": false,
              "context": null,
              "code": "cy.login('', 'Password456');\ncy.get('[name=\"login\"]').should('have.attr', 'required');\ncy.get('.navbar').contains('Hi,').should('not.exist');",
              "err": {},
              "uuid": "6cf979ce-dcff-4879-ba19-7451ebab6ac8",
              "parentUUID": "53bda527-5805-4159-a2a4-10fb209799f7",
              "isHook": false,
              "skipped": false
            },
            {
              "title": "TC-03 Intentar iniciar sesión sin completar el campo Password",
              "fullTitle": "HU-02 — Inicio de sesión de usuario TC-03 Intentar iniciar sesión sin completar el campo Password",
              "timedOut": null,
              "duration": 3616,
              "state": "passed",
              "speed": "fast",
              "pass": true,
              "fail": false,
              "pending": false,
              "context": null,
              "code": "cy.login(\"username01\", \"\");\ncy.get('[name=\"password\"]').should('have.attr', 'required');\ncy.get('.navbar').contains('Hi,').should('not.exist');",
              "err": {},
              "uuid": "68d7f1ae-700f-4c7c-8a9a-d9b1efa145cf",
              "parentUUID": "53bda527-5805-4159-a2a4-10fb209799f7",
              "isHook": false,
              "skipped": false
            },
            {
              "title": "TC-04 Intentar iniciar sesión sin completar ningún campo",
              "fullTitle": "HU-02 — Inicio de sesión de usuario TC-04 Intentar iniciar sesión sin completar ningún campo",
              "timedOut": null,
              "duration": 2746,
              "state": "passed",
              "speed": "fast",
              "pass": true,
              "fail": false,
              "pending": false,
              "context": null,
              "code": "cy.login(\"\", \"\");\ncy.get('[name=\"login\"]').should('have.attr', 'required');\ncy.get('[name=\"password\"]').should('have.attr', 'required');\ncy.get('.navbar').contains('Hi,').should('not.exist');",
              "err": {},
              "uuid": "cad52c86-f443-4f16-a831-032729d45c5d",
              "parentUUID": "53bda527-5805-4159-a2a4-10fb209799f7",
              "isHook": false,
              "skipped": false
            },
            {
              "title": "TC-05 Iniciar sesión con login inexistente",
              "fullTitle": "HU-02 — Inicio de sesión de usuario TC-05 Iniciar sesión con login inexistente",
              "timedOut": null,
              "duration": 4086,
              "state": "passed",
              "speed": "fast",
              "pass": true,
              "fail": false,
              "pending": false,
              "context": null,
              "code": "cy.login(\"username0098\", \"Prueba123*\");\ncy.contains('Invalid username/password').should('be.visible');",
              "err": {},
              "uuid": "f869cf0d-d487-4f30-80ab-71e9a5645b37",
              "parentUUID": "53bda527-5805-4159-a2a4-10fb209799f7",
              "isHook": false,
              "skipped": false
            },
            {
              "title": "TC-06 Iniciar sesión con login registrado y password incorrecto",
              "fullTitle": "HU-02 — Inicio de sesión de usuario TC-06 Iniciar sesión con login registrado y password incorrecto",
              "timedOut": null,
              "duration": 4743,
              "state": "passed",
              "speed": "fast",
              "pass": true,
              "fail": false,
              "pending": false,
              "context": null,
              "code": "cy.login(user.login, \"Qwerty1*\");\ncy.contains('Invalid username/password').should('be.visible');",
              "err": {},
              "uuid": "b3c4cc3e-bbb2-4438-ad81-4b66d1034efa",
              "parentUUID": "53bda527-5805-4159-a2a4-10fb209799f7",
              "isHook": false,
              "skipped": false
            }
          ],
          "suites": [],
          "passes": [
            "91bf93ca-a3da-4ed5-b96b-f6857128c0b3",
            "6cf979ce-dcff-4879-ba19-7451ebab6ac8",
            "68d7f1ae-700f-4c7c-8a9a-d9b1efa145cf",
            "cad52c86-f443-4f16-a831-032729d45c5d",
            "f869cf0d-d487-4f30-80ab-71e9a5645b37",
            "b3c4cc3e-bbb2-4438-ad81-4b66d1034efa"
          ],
          "failures": [],
          "pending": [],
          "skipped": [],
          "duration": 27891,
          "root": false,
          "rootEmpty": false,
          "_timeout": 2000
        }
      ],
      "passes": [],
      "failures": [],
      "pending": [],
      "skipped": [],
      "duration": 0,
      "root": true,
      "rootEmpty": true,
      "_timeout": 2000
    }
  ],
  "meta": {
    "mocha": {
      "version": "7.2.0"
    },
    "mochawesome": {
      "options": {
        "quiet": false,
        "reportFilename": "mochawesome",
        "saveHtml": false,
        "saveJson": true,
        "consoleReporter": "spec",
        "useInlineDiffs": false,
        "code": true
      },
      "version": "7.1.4"
    },
    "marge": {
      "options": {
        "reportDir": "cypress/reports",
        "overwrite": false,
        "html": false,
        "json": true
      },
      "version": "6.3.2"
    }
  }
}